[2026-05-14 19:23:01] ============================================================
[2026-05-14 19:23:01] 超参数搜索开始 — 2026-05-14 19:23:01
[2026-05-14 19:23:01] 共 4 组配置
[2026-05-14 19:23:01] ============================================================
[2026-05-14 19:23:01] 
============================================================
[2026-05-14 19:23:01] [1/4] rnn_base
[2026-05-14 19:23:01]     描述: 基准RNN: RNN hidden=64 layers=2 lr=0.001 batch=32 dropout=0.2
[2026-05-14 19:23:01]     配置: configs/rnn_base.yaml
[2026-05-14 19:23:01] ============================================================
[2026-05-14 19:24:07] ============================================================
[2026-05-14 19:24:07] 超参数搜索开始 — 2026-05-14 19:24:07
[2026-05-14 19:24:07] 共 4 组配置
[2026-05-14 19:24:07] ============================================================
[2026-05-14 19:24:07] 
============================================================
[2026-05-14 19:24:07] [1/4] rnn_base
[2026-05-14 19:24:07]     描述: 基准RNN: RNN hidden=64 layers=2 lr=0.001 batch=32 dropout=0.2
[2026-05-14 19:24:07]     配置: configs/rnn_base.yaml
[2026-05-14 19:24:07] ============================================================
[2026-05-14 19:26:53] ============================================================
[2026-05-14 19:26:53] 超参数搜索开始 — 2026-05-14 19:26:53
[2026-05-14 19:26:53] 共 4 组配置
[2026-05-14 19:26:53] ============================================================
[2026-05-14 19:26:53] 
============================================================
[2026-05-14 19:26:53] [1/4] rnn_base
[2026-05-14 19:26:53]     描述: 基准RNN: RNN hidden=64 layers=2 lr=0.001 batch=32 dropout=0.2
[2026-05-14 19:26:53]     配置: configs/rnn_base.yaml
[2026-05-14 19:26:53] ============================================================
[2026-05-14 19:26:57] 
============================================================
[2026-05-14 19:26:57] [2/4] lstm_base
[2026-05-14 19:26:57]     描述: 基准LSTM: LSTM hidden=64 layers=2 lr=0.001 batch=32 dropout=0.2
[2026-05-14 19:26:57]     配置: configs/lstm_base.yaml
[2026-05-14 19:26:57] ============================================================
[2026-05-14 19:27:01] 
============================================================
[2026-05-14 19:27:01] [3/4] lstm_large
[2026-05-14 19:27:01]     描述: 大模型LSTM: LSTM hidden=128 layers=3 lr=0.0005 batch=64 dropout=0.3
[2026-05-14 19:27:01]     配置: configs/lstm_large.yaml
[2026-05-14 19:27:01] ============================================================
[2026-05-14 19:27:03] 
============================================================
[2026-05-14 19:27:03] [4/4] gru_small
[2026-05-14 19:27:03]     描述: 小模型GRU: GRU hidden=32 layers=1 lr=0.01 batch=16 dropout=0.1
[2026-05-14 19:27:03]     配置: configs/gru_small.yaml
[2026-05-14 19:27:03] ============================================================
[2026-05-14 19:27:05] 
======================================================================
[2026-05-14 19:27:05] 超参数对比结果
[2026-05-14 19:27:05] ======================================================================
[2026-05-14 19:27:05] 组名             模型     最佳Val Loss     测试Loss       测试MAE      测试RMSE    
[2026-05-14 19:27:05] ----------------------------------------------------------------------
[2026-05-14 19:27:05] rnn_base       rnn    0.0969         0.1213       0.2601     0.3418    
[2026-05-14 19:27:05] lstm_base      lstm   0.1090         0.1109       0.2551     0.3270    
[2026-05-14 19:27:05] lstm_large     lstm   0.1587         0.2555       0.3950     0.4933    
[2026-05-14 19:27:05] gru_small      gru    0.0941         0.1500       0.2977     0.3670    
[2026-05-14 19:27:05] ----------------------------------------------------------------------
[2026-05-14 19:27:05] 
对比表格已保存至 outputs/logs/hparam_results.csv
[2026-05-14 19:27:06] 对比图已保存至 outputs/figures/hparam_comparison.png
[2026-05-14 19:27:06] 
超参数搜索完成 — 2026-05-14 19:27:06
[2026-05-14 19:40:46] ============================================================
[2026-05-14 19:40:46] 超参数搜索开始 — 2026-05-14 19:40:46
[2026-05-14 19:40:46] 共 5 组配置
[2026-05-14 19:40:46] ============================================================
[2026-05-14 19:40:46] 
============================================================
[2026-05-14 19:40:46] [1/5] rnn_base
[2026-05-14 19:40:46]     描述: 基准RNN: RNN hidden=64 layers=2 lr=0.001 batch=32 dropout=0.2
[2026-05-14 19:40:46]     配置: configs/rnn_base.yaml
[2026-05-14 19:40:46] ============================================================
[2026-05-14 19:40:49] 
============================================================
[2026-05-14 19:40:49] [2/5] lstm_base
[2026-05-14 19:40:49]     描述: 基准LSTM: LSTM hidden=64 layers=2 lr=0.001 batch=32 dropout=0.2
[2026-05-14 19:40:49]     配置: configs/lstm_base.yaml
[2026-05-14 19:40:49] ============================================================
[2026-05-14 19:40:52] 
============================================================
[2026-05-14 19:40:52] [3/5] gru_base
[2026-05-14 19:40:52]     描述: 基准GRU: GRU hidden=64 layers=2 lr=0.001 batch=32 dropout=0.2
[2026-05-14 19:40:52]     配置: configs/gru_base.yaml
[2026-05-14 19:40:52] ============================================================
[2026-05-14 19:40:55] 
============================================================
[2026-05-14 19:40:55] [4/5] lstm_large
[2026-05-14 19:40:55]     描述: 大模型LSTM: LSTM hidden=128 layers=3 lr=0.0005 batch=64 dropout=0.3
[2026-05-14 19:40:55]     配置: configs/lstm_large.yaml
[2026-05-14 19:40:55] ============================================================
[2026-05-14 19:40:58] 
============================================================
[2026-05-14 19:40:58] [5/5] gru_small
[2026-05-14 19:40:58]     描述: 小模型GRU: GRU hidden=32 layers=1 lr=0.01 batch=16 dropout=0.1
[2026-05-14 19:40:58]     配置: configs/gru_small.yaml
[2026-05-14 19:40:58] ============================================================
[2026-05-14 19:41:00] 
======================================================================
[2026-05-14 19:41:00] 超参数对比结果
[2026-05-14 19:41:00] ======================================================================
[2026-05-14 19:41:00] 组名             模型     最佳Val Loss     测试Loss       测试MAE      测试RMSE    
[2026-05-14 19:41:00] ----------------------------------------------------------------------
[2026-05-14 19:41:00] rnn_base       rnn    0.0947         0.1295       0.2786     0.3541    
[2026-05-14 19:41:00] lstm_base      lstm   0.1107         0.1401       0.2869     0.3662    
[2026-05-14 19:41:00] gru_base       gru    0.1076         0.1221       0.2606     0.3442    
[2026-05-14 19:41:00] lstm_large     lstm   0.1471         0.1974       0.3437     0.4352    
[2026-05-14 19:41:00] gru_small      gru    0.1257         0.1369       0.2791     0.3555    
[2026-05-14 19:41:00] ----------------------------------------------------------------------
[2026-05-14 19:41:00] 
对比表格已保存至 outputs/logs/hparam_results.csv
[2026-05-14 19:41:00] 对比图已保存至 outputs/figures/hparam_comparison.png
[2026-05-14 19:41:00] 
超参数搜索完成 — 2026-05-14 19:41:00
[2026-05-14 22:01:03] ============================================================
[2026-05-14 22:01:03] 超参数搜索开始 — 2026-05-14 22:01:03
[2026-05-14 22:01:03] 共 5 组配置
[2026-05-14 22:01:03] ============================================================
[2026-05-14 22:01:03] 
============================================================
[2026-05-14 22:01:03] [1/5] rnn_base
[2026-05-14 22:01:03]     描述: 基准RNN: RNN hidden=64 layers=2 lr=0.001 batch=32 dropout=0.2
[2026-05-14 22:01:03]     配置: configs/rnn_base.yaml
[2026-05-14 22:01:03] ============================================================
[2026-05-14 22:01:06] 
============================================================
[2026-05-14 22:01:06] [2/5] lstm_base
[2026-05-14 22:01:06]     描述: 基准LSTM: LSTM hidden=64 layers=2 lr=0.001 batch=32 dropout=0.2
[2026-05-14 22:01:06]     配置: configs/lstm_base.yaml
[2026-05-14 22:01:06] ============================================================
[2026-05-14 22:01:10] 
============================================================
[2026-05-14 22:01:10] [3/5] gru_base
[2026-05-14 22:01:10]     描述: 基准GRU: GRU hidden=64 layers=2 lr=0.001 batch=32 dropout=0.2
[2026-05-14 22:01:10]     配置: configs/gru_base.yaml
[2026-05-14 22:01:10] ============================================================
[2026-05-14 22:01:13] 
============================================================
[2026-05-14 22:01:13] [4/5] lstm_large
[2026-05-14 22:01:13]     描述: 大模型LSTM: LSTM hidden=128 layers=3 lr=0.0005 batch=64 dropout=0.3
[2026-05-14 22:01:13]     配置: configs/lstm_large.yaml
[2026-05-14 22:01:13] ============================================================
[2026-05-14 22:01:16] 
============================================================
[2026-05-14 22:01:16] [5/5] gru_small
[2026-05-14 22:01:16]     描述: 小模型GRU: GRU hidden=32 layers=1 lr=0.01 batch=16 dropout=0.1
[2026-05-14 22:01:16]     配置: configs/gru_small.yaml
[2026-05-14 22:01:16] ============================================================
[2026-05-14 22:01:18] 
======================================================================
[2026-05-14 22:01:18] 超参数对比结果
[2026-05-14 22:01:18] ======================================================================
[2026-05-14 22:01:18] 组名             模型     最佳Val Loss     测试Loss       测试MAE      测试RMSE    
[2026-05-14 22:01:18] ----------------------------------------------------------------------
[2026-05-14 22:01:18] rnn_base       rnn    0.0973         0.1111       0.2427     0.3266    
[2026-05-14 22:01:18] lstm_base      lstm   0.1033         0.1117       0.2533     0.3280    
[2026-05-14 22:01:18] gru_base       gru    0.1083         0.1123       0.2503     0.3299    
[2026-05-14 22:01:18] lstm_large     lstm   0.1448         0.2154       0.3589     0.4515    
[2026-05-14 22:01:18] gru_small      gru    0.1254         0.1392       0.2854     0.3581    
[2026-05-14 22:01:18] ----------------------------------------------------------------------
[2026-05-14 22:01:18] 
对比表格已保存至 outputs/logs/hparam_results.csv
[2026-05-14 22:01:18] 对比图已保存至 outputs/figures/hparam_comparison.png
[2026-05-14 22:01:18] 
超参数搜索完成 — 2026-05-14 22:01:18
