[2026-05-14 22:07:57] 设备: cuda
[2026-05-14 22:07:57] 随机种子: 4044
[2026-05-14 22:07:57] 配置文件: configs/rnn_30year.yaml
[2026-05-14 22:07:57] ── 数据集信息 ──
[2026-05-14 22:07:57]   数据来源: Open-Meteo Archive API (合肥, 117.19E, 31.77N)
[2026-05-14 22:07:57]   时间范围: 1996-05-13 ~ 2026-05-13
[2026-05-14 22:07:57]   原始样本数: 10958 天
[2026-05-14 22:07:57]   输入特征数: 13 (11个天气变量 + day_of_year + month)
[2026-05-14 22:07:57]   预测目标: temperature_2m_mean
[2026-05-14 22:07:57]   滑动窗口: 过去 14 天 → 预测未来 1 天
[2026-05-14 22:07:57]   划分比例: 训练 80% / 验证 10% / 测试 10%
[2026-05-14 22:07:57]   训练集样本: 8752 | 验证集样本: 1082 | 测试集样本: 1082
[2026-05-14 22:07:57] 
── 模型结构 ──
SimpleRNN(
  (rnn): RNN(13, 64, num_layers=2, batch_first=True, dropout=0.2)
  (fc): Linear(in_features=64, out_features=1, bias=True)
)

[2026-05-14 22:07:57]   可训练参数量: 13,441
[2026-05-14 22:07:57] 
── 超参数 ──
[2026-05-14 22:07:57]   模型类型: rnn
[2026-05-14 22:07:57]   hidden_dim: 64
[2026-05-14 22:07:57]   num_layers: 2
[2026-05-14 22:07:57]   dropout: 0.2
[2026-05-14 22:07:57]   lr: 0.001
[2026-05-14 22:07:57]   batch_size: 32
[2026-05-14 22:07:58] 
── 开始训练 (max 100 epochs) ──
[2026-05-14 22:07:59] Epoch   1/100 | Train Loss: 0.1030 | Val Loss: 0.0576 | MAE: 0.1834 | RMSE: 0.2334 *
[2026-05-14 22:08:00] Epoch   3/100 | Train Loss: 0.0530 | Val Loss: 0.0451 | MAE: 0.1574 | RMSE: 0.2066 *
[2026-05-14 22:08:00] Epoch   4/100 | Train Loss: 0.0507 | Val Loss: 0.0417 | MAE: 0.1504 | RMSE: 0.1979 *
[2026-05-14 22:08:02] Epoch   8/100 | Train Loss: 0.0506 | Val Loss: 0.0410 | MAE: 0.1485 | RMSE: 0.1961 *
[2026-05-14 22:08:03] Epoch  10/100 | Train Loss: 0.0513 | Val Loss: 0.0437 | MAE: 0.1533 | RMSE: 0.2025
[2026-05-14 22:08:08] Epoch  20/100 | Train Loss: 0.0457 | Val Loss: 0.0404 | MAE: 0.1496 | RMSE: 0.1949 *
[2026-05-14 22:08:10] Epoch  23/100 | Train Loss: 0.0495 | Val Loss: 0.0400 | MAE: 0.1486 | RMSE: 0.1940 *
[2026-05-14 22:08:13] Epoch  29/100 | Train Loss: 0.0428 | Val Loss: 0.0391 | MAE: 0.1467 | RMSE: 0.1924 *
[2026-05-14 22:08:13] Epoch  30/100 | Train Loss: 0.0439 | Val Loss: 0.0399 | MAE: 0.1488 | RMSE: 0.1946
[2026-05-14 22:08:17] Epoch  36/100 | Train Loss: 0.0403 | Val Loss: 0.0384 | MAE: 0.1441 | RMSE: 0.1911 *
[2026-05-14 22:08:19] Epoch  40/100 | Train Loss: 0.0396 | Val Loss: 0.0442 | MAE: 0.1593 | RMSE: 0.2064
[2026-05-14 22:08:24] Epoch  50/100 | Train Loss: 0.0373 | Val Loss: 0.0389 | MAE: 0.1459 | RMSE: 0.1922
[2026-05-14 22:08:25] 
早停触发于 epoch 51
[2026-05-14 22:08:25] 
── 测试集结果 ──
[2026-05-14 22:08:25]   Loss: 0.0428
[2026-05-14 22:08:25]   MAE:  0.1526
[2026-05-14 22:08:25]   RMSE: 0.2019
[2026-05-14 22:08:25] 图表已保存至 outputs/figures/
[2026-05-14 22:08:25] 模型已保存至 outputs/models/rnn_30year_best.pt
[2026-05-14 22:08:25] 日志已保存至 outputs/logs/train_rnn_30year.log
