[2026-05-14 19:24:07] 设备: cuda
[2026-05-14 19:24:07] 配置文件: configs/rnn_base.yaml
[2026-05-14 19:24:07] ── 数据集信息 ──
[2026-05-14 19:24:07]   数据来源: Open-Meteo Archive API (合肥, 117.19E, 31.77N)
[2026-05-14 19:24:07]   时间范围: 2023-05-13 ~ 2026-05-13
[2026-05-14 19:24:07]   原始样本数: 1097 天
[2026-05-14 19:24:07]   输入特征数: 13 (11个天气变量 + day_of_year + month)
[2026-05-14 19:24:07]   预测目标: temperature_2m_mean
[2026-05-14 19:24:07]   滑动窗口: 过去 14 天 → 预测未来 1 天
[2026-05-14 19:24:07]   划分比例: 训练 80% / 验证 10% / 测试 10%
[2026-05-14 19:24:07]   训练集样本: 863 | 验证集样本: 96 | 测试集样本: 96
[2026-05-14 19:24:07] 
── 模型结构 ──
SimpleRNN(
  (rnn): RNN(13, 64, num_layers=2, batch_first=True, dropout=0.2)
  (fc): Linear(in_features=64, out_features=1, bias=True)
)

[2026-05-14 19:24:07]   可训练参数量: 13,441
[2026-05-14 19:24:07] 
── 超参数 ──
[2026-05-14 19:24:07]   模型类型: rnn
[2026-05-14 19:24:07]   hidden_dim: 64
[2026-05-14 19:24:07]   num_layers: 2
[2026-05-14 19:24:07]   dropout: 0.2
[2026-05-14 19:24:07]   lr: 0.001
[2026-05-14 19:24:07]   batch_size: 32
[2026-05-14 19:26:53] 设备: cuda
[2026-05-14 19:26:53] 配置文件: configs/rnn_base.yaml
[2026-05-14 19:26:53] ── 数据集信息 ──
[2026-05-14 19:26:53]   数据来源: Open-Meteo Archive API (合肥, 117.19E, 31.77N)
[2026-05-14 19:26:53]   时间范围: 2023-05-13 ~ 2026-05-13
[2026-05-14 19:26:53]   原始样本数: 1097 天
[2026-05-14 19:26:53]   输入特征数: 13 (11个天气变量 + day_of_year + month)
[2026-05-14 19:26:53]   预测目标: temperature_2m_mean
[2026-05-14 19:26:53]   滑动窗口: 过去 14 天 → 预测未来 1 天
[2026-05-14 19:26:53]   划分比例: 训练 80% / 验证 10% / 测试 10%
[2026-05-14 19:26:53]   训练集样本: 863 | 验证集样本: 96 | 测试集样本: 96
[2026-05-14 19:26:53] 
── 模型结构 ──
SimpleRNN(
  (rnn): RNN(13, 64, num_layers=2, batch_first=True, dropout=0.2)
  (fc): Linear(in_features=64, out_features=1, bias=True)
)

[2026-05-14 19:26:53]   可训练参数量: 13,441
[2026-05-14 19:26:53] 
── 超参数 ──
[2026-05-14 19:26:53]   模型类型: rnn
[2026-05-14 19:26:53]   hidden_dim: 64
[2026-05-14 19:26:53]   num_layers: 2
[2026-05-14 19:26:53]   dropout: 0.2
[2026-05-14 19:26:53]   lr: 0.001
[2026-05-14 19:26:53]   batch_size: 32
[2026-05-14 19:26:55] 
── 开始训练 (max 100 epochs) ──
[2026-05-14 19:26:55] Epoch   1/100 | Train Loss: 0.3748 | Val Loss: 0.1651 | MAE: 0.3084 | RMSE: 0.4062 *
[2026-05-14 19:26:55] Epoch   2/100 | Train Loss: 0.0849 | Val Loss: 0.1354 | MAE: 0.2713 | RMSE: 0.3660 *
[2026-05-14 19:26:55] Epoch   3/100 | Train Loss: 0.0765 | Val Loss: 0.1273 | MAE: 0.2542 | RMSE: 0.3547 *
[2026-05-14 19:26:55] Epoch   4/100 | Train Loss: 0.0834 | Val Loss: 0.1150 | MAE: 0.2394 | RMSE: 0.3373 *
[2026-05-14 19:26:55] Epoch   5/100 | Train Loss: 0.0736 | Val Loss: 0.1055 | MAE: 0.2332 | RMSE: 0.3239 *
[2026-05-14 19:26:55] Epoch   9/100 | Train Loss: 0.0754 | Val Loss: 0.0973 | MAE: 0.2226 | RMSE: 0.3113 *
[2026-05-14 19:26:56] Epoch  10/100 | Train Loss: 0.0594 | Val Loss: 0.1096 | MAE: 0.2457 | RMSE: 0.3307
[2026-05-14 19:26:56] Epoch  13/100 | Train Loss: 0.0739 | Val Loss: 0.0969 | MAE: 0.2182 | RMSE: 0.3107 *
[2026-05-14 19:26:56] Epoch  20/100 | Train Loss: 0.0534 | Val Loss: 0.1118 | MAE: 0.2285 | RMSE: 0.3337
[2026-05-14 19:26:56] 
早停触发于 epoch 28
[2026-05-14 19:26:56] 
── 测试集结果 ──
[2026-05-14 19:26:56]   Loss: 0.1213
[2026-05-14 19:26:56]   MAE:  0.2601
[2026-05-14 19:26:56]   RMSE: 0.3418
[2026-05-14 19:26:57] 图表已保存至 outputs/figures/
[2026-05-14 19:26:57] 模型已保存至 outputs/models/rnn_base_best.pt
[2026-05-14 19:26:57] 日志已保存至 outputs/logs/train_rnn_base.log
[2026-05-14 19:40:46] 设备: cuda
[2026-05-14 19:40:46] 配置文件: configs/rnn_base.yaml
[2026-05-14 19:40:46] ── 数据集信息 ──
[2026-05-14 19:40:46]   数据来源: Open-Meteo Archive API (合肥, 117.19E, 31.77N)
[2026-05-14 19:40:46]   时间范围: 2023-05-13 ~ 2026-05-13
[2026-05-14 19:40:46]   原始样本数: 1097 天
[2026-05-14 19:40:46]   输入特征数: 13 (11个天气变量 + day_of_year + month)
[2026-05-14 19:40:46]   预测目标: temperature_2m_mean
[2026-05-14 19:40:46]   滑动窗口: 过去 14 天 → 预测未来 1 天
[2026-05-14 19:40:46]   划分比例: 训练 80% / 验证 10% / 测试 10%
[2026-05-14 19:40:46]   训练集样本: 863 | 验证集样本: 96 | 测试集样本: 96
[2026-05-14 19:40:46] 
── 模型结构 ──
SimpleRNN(
  (rnn): RNN(13, 64, num_layers=2, batch_first=True, dropout=0.2)
  (fc): Linear(in_features=64, out_features=1, bias=True)
)

[2026-05-14 19:40:46]   可训练参数量: 13,441
[2026-05-14 19:40:46] 
── 超参数 ──
[2026-05-14 19:40:46]   模型类型: rnn
[2026-05-14 19:40:46]   hidden_dim: 64
[2026-05-14 19:40:46]   num_layers: 2
[2026-05-14 19:40:46]   dropout: 0.2
[2026-05-14 19:40:46]   lr: 0.001
[2026-05-14 19:40:46]   batch_size: 32
[2026-05-14 19:40:47] 
── 开始训练 (max 100 epochs) ──
[2026-05-14 19:40:47] Epoch   1/100 | Train Loss: 0.3685 | Val Loss: 0.1573 | MAE: 0.3084 | RMSE: 0.3920 *
[2026-05-14 19:40:47] Epoch   2/100 | Train Loss: 0.1053 | Val Loss: 0.1485 | MAE: 0.2846 | RMSE: 0.3825 *
[2026-05-14 19:40:48] Epoch   3/100 | Train Loss: 0.0847 | Val Loss: 0.1351 | MAE: 0.2726 | RMSE: 0.3651 *
[2026-05-14 19:40:48] Epoch   4/100 | Train Loss: 0.0769 | Val Loss: 0.1293 | MAE: 0.2652 | RMSE: 0.3575 *
[2026-05-14 19:40:48] Epoch   5/100 | Train Loss: 0.0678 | Val Loss: 0.1247 | MAE: 0.2571 | RMSE: 0.3513 *
[2026-05-14 19:40:48] Epoch   6/100 | Train Loss: 0.0626 | Val Loss: 0.1169 | MAE: 0.2472 | RMSE: 0.3403 *
[2026-05-14 19:40:48] Epoch   7/100 | Train Loss: 0.0602 | Val Loss: 0.1111 | MAE: 0.2445 | RMSE: 0.3318 *
[2026-05-14 19:40:48] Epoch  10/100 | Train Loss: 0.0560 | Val Loss: 0.1071 | MAE: 0.2284 | RMSE: 0.3267 *
[2026-05-14 19:40:48] Epoch  11/100 | Train Loss: 0.0568 | Val Loss: 0.1018 | MAE: 0.2290 | RMSE: 0.3185 *
[2026-05-14 19:40:48] Epoch  15/100 | Train Loss: 0.0985 | Val Loss: 0.0947 | MAE: 0.2223 | RMSE: 0.3075 *
[2026-05-14 19:40:48] Epoch  20/100 | Train Loss: 0.0467 | Val Loss: 0.1034 | MAE: 0.2264 | RMSE: 0.3213
[2026-05-14 19:40:49] Epoch  30/100 | Train Loss: 0.0543 | Val Loss: 0.1171 | MAE: 0.2407 | RMSE: 0.3419
[2026-05-14 19:40:49] 
早停触发于 epoch 30
[2026-05-14 19:40:49] 
── 测试集结果 ──
[2026-05-14 19:40:49]   Loss: 0.1295
[2026-05-14 19:40:49]   MAE:  0.2786
[2026-05-14 19:40:49]   RMSE: 0.3541
[2026-05-14 19:40:49] 图表已保存至 outputs/figures/
[2026-05-14 19:40:49] 模型已保存至 outputs/models/rnn_base_best.pt
[2026-05-14 19:40:49] 日志已保存至 outputs/logs/train_rnn_base.log
[2026-05-14 22:01:03] 设备: cuda
[2026-05-14 22:01:03] 随机种子: 4044
[2026-05-14 22:01:03] 配置文件: configs/rnn_base.yaml
[2026-05-14 22:01:03] ── 数据集信息 ──
[2026-05-14 22:01:03]   数据来源: Open-Meteo Archive API (合肥, 117.19E, 31.77N)
[2026-05-14 22:01:03]   时间范围: 2023-05-13 ~ 2026-05-13
[2026-05-14 22:01:03]   原始样本数: 1097 天
[2026-05-14 22:01:03]   输入特征数: 13 (11个天气变量 + day_of_year + month)
[2026-05-14 22:01:03]   预测目标: temperature_2m_mean
[2026-05-14 22:01:03]   滑动窗口: 过去 14 天 → 预测未来 1 天
[2026-05-14 22:01:03]   划分比例: 训练 80% / 验证 10% / 测试 10%
[2026-05-14 22:01:03]   训练集样本: 863 | 验证集样本: 96 | 测试集样本: 96
[2026-05-14 22:01:03] 
── 模型结构 ──
SimpleRNN(
  (rnn): RNN(13, 64, num_layers=2, batch_first=True, dropout=0.2)
  (fc): Linear(in_features=64, out_features=1, bias=True)
)

[2026-05-14 22:01:03]   可训练参数量: 13,441
[2026-05-14 22:01:03] 
── 超参数 ──
[2026-05-14 22:01:03]   模型类型: rnn
[2026-05-14 22:01:03]   hidden_dim: 64
[2026-05-14 22:01:03]   num_layers: 2
[2026-05-14 22:01:03]   dropout: 0.2
[2026-05-14 22:01:03]   lr: 0.001
[2026-05-14 22:01:03]   batch_size: 32
[2026-05-14 22:01:04] 
── 开始训练 (max 100 epochs) ──
[2026-05-14 22:01:05] Epoch   1/100 | Train Loss: 0.5166 | Val Loss: 0.2176 | MAE: 0.3665 | RMSE: 0.4636 *
[2026-05-14 22:01:05] Epoch   2/100 | Train Loss: 0.1037 | Val Loss: 0.1730 | MAE: 0.3080 | RMSE: 0.4129 *
[2026-05-14 22:01:05] Epoch   3/100 | Train Loss: 0.0729 | Val Loss: 0.1341 | MAE: 0.2665 | RMSE: 0.3638 *
[2026-05-14 22:01:05] Epoch   4/100 | Train Loss: 0.0612 | Val Loss: 0.1202 | MAE: 0.2525 | RMSE: 0.3450 *
[2026-05-14 22:01:05] Epoch   5/100 | Train Loss: 0.0567 | Val Loss: 0.1126 | MAE: 0.2427 | RMSE: 0.3342 *
[2026-05-14 22:01:05] Epoch   6/100 | Train Loss: 0.0560 | Val Loss: 0.1122 | MAE: 0.2395 | RMSE: 0.3339 *
[2026-05-14 22:01:05] Epoch   8/100 | Train Loss: 0.0524 | Val Loss: 0.1120 | MAE: 0.2395 | RMSE: 0.3338 *
[2026-05-14 22:01:05] Epoch   9/100 | Train Loss: 0.0519 | Val Loss: 0.1117 | MAE: 0.2424 | RMSE: 0.3336 *
[2026-05-14 22:01:05] Epoch  10/100 | Train Loss: 0.0523 | Val Loss: 0.1078 | MAE: 0.2362 | RMSE: 0.3272 *
[2026-05-14 22:01:05] Epoch  13/100 | Train Loss: 0.0782 | Val Loss: 0.1002 | MAE: 0.2234 | RMSE: 0.3161 *
[2026-05-14 22:01:05] Epoch  17/100 | Train Loss: 0.0556 | Val Loss: 0.0973 | MAE: 0.2172 | RMSE: 0.3115 *
[2026-05-14 22:01:05] Epoch  20/100 | Train Loss: 0.0469 | Val Loss: 0.1070 | MAE: 0.2252 | RMSE: 0.3268
[2026-05-14 22:01:06] Epoch  30/100 | Train Loss: 0.0420 | Val Loss: 0.1047 | MAE: 0.2332 | RMSE: 0.3231
[2026-05-14 22:01:06] 
早停触发于 epoch 32
[2026-05-14 22:01:06] 
── 测试集结果 ──
[2026-05-14 22:01:06]   Loss: 0.1111
[2026-05-14 22:01:06]   MAE:  0.2427
[2026-05-14 22:01:06]   RMSE: 0.3266
[2026-05-14 22:01:06] 图表已保存至 outputs/figures/
[2026-05-14 22:01:06] 模型已保存至 outputs/models/rnn_base_best.pt
[2026-05-14 22:01:06] 日志已保存至 outputs/logs/train_rnn_base.log
