[2026-05-14 19:26:57] 设备: cuda
[2026-05-14 19:26:57] 配置文件: configs/lstm_base.yaml
[2026-05-14 19:26:57] ── 数据集信息 ──
[2026-05-14 19:26:57]   数据来源: Open-Meteo Archive API (合肥, 117.19E, 31.77N)
[2026-05-14 19:26:57]   时间范围: 2023-05-13 ~ 2026-05-13
[2026-05-14 19:26:57]   原始样本数: 1097 天
[2026-05-14 19:26:57]   输入特征数: 13 (11个天气变量 + day_of_year + month)
[2026-05-14 19:26:57]   预测目标: temperature_2m_mean
[2026-05-14 19:26:57]   滑动窗口: 过去 14 天 → 预测未来 1 天
[2026-05-14 19:26:57]   划分比例: 训练 80% / 验证 10% / 测试 10%
[2026-05-14 19:26:57]   训练集样本: 863 | 验证集样本: 96 | 测试集样本: 96
[2026-05-14 19:26:57] 
── 模型结构 ──
LSTM(
  (lstm): LSTM(13, 64, num_layers=2, batch_first=True, dropout=0.2)
  (fc): Linear(in_features=64, out_features=1, bias=True)
)

[2026-05-14 19:26:57]   可训练参数量: 53,569
[2026-05-14 19:26:57] 
── 超参数 ──
[2026-05-14 19:26:57]   模型类型: lstm
[2026-05-14 19:26:57]   hidden_dim: 64
[2026-05-14 19:26:57]   num_layers: 2
[2026-05-14 19:26:57]   dropout: 0.2
[2026-05-14 19:26:57]   lr: 0.001
[2026-05-14 19:26:57]   batch_size: 32
[2026-05-14 19:26:57] 
── 开始训练 (max 100 epochs) ──
[2026-05-14 19:26:57] Epoch   1/100 | Train Loss: 0.8188 | Val Loss: 0.3844 | MAE: 0.4582 | RMSE: 0.5938 *
[2026-05-14 19:26:57] Epoch   2/100 | Train Loss: 0.2042 | Val Loss: 0.3263 | MAE: 0.4072 | RMSE: 0.5642 *
[2026-05-14 19:26:57] Epoch   3/100 | Train Loss: 0.1669 | Val Loss: 0.2967 | MAE: 0.3950 | RMSE: 0.5378 *
[2026-05-14 19:26:57] Epoch   4/100 | Train Loss: 0.1120 | Val Loss: 0.2693 | MAE: 0.3648 | RMSE: 0.5134 *
[2026-05-14 19:26:57] Epoch   5/100 | Train Loss: 0.0893 | Val Loss: 0.2566 | MAE: 0.3587 | RMSE: 0.5016 *
[2026-05-14 19:26:57] Epoch   6/100 | Train Loss: 0.0837 | Val Loss: 0.2517 | MAE: 0.3662 | RMSE: 0.4954 *
[2026-05-14 19:26:57] Epoch   7/100 | Train Loss: 0.1235 | Val Loss: 0.2389 | MAE: 0.3609 | RMSE: 0.4804 *
[2026-05-14 19:26:57] Epoch   8/100 | Train Loss: 0.0963 | Val Loss: 0.2252 | MAE: 0.3474 | RMSE: 0.4681 *
[2026-05-14 19:26:57] Epoch   9/100 | Train Loss: 0.0711 | Val Loss: 0.2006 | MAE: 0.3288 | RMSE: 0.4429 *
[2026-05-14 19:26:57] Epoch  10/100 | Train Loss: 0.0646 | Val Loss: 0.1971 | MAE: 0.3331 | RMSE: 0.4369 *
[2026-05-14 19:26:57] Epoch  13/100 | Train Loss: 0.0625 | Val Loss: 0.1865 | MAE: 0.3242 | RMSE: 0.4235 *
[2026-05-14 19:26:57] Epoch  14/100 | Train Loss: 0.0559 | Val Loss: 0.1785 | MAE: 0.3169 | RMSE: 0.4149 *
[2026-05-14 19:26:57] Epoch  15/100 | Train Loss: 0.0580 | Val Loss: 0.1729 | MAE: 0.3143 | RMSE: 0.4076 *
[2026-05-14 19:26:58] Epoch  18/100 | Train Loss: 0.0554 | Val Loss: 0.1718 | MAE: 0.3123 | RMSE: 0.4058 *
[2026-05-14 19:26:58] Epoch  19/100 | Train Loss: 0.0500 | Val Loss: 0.1622 | MAE: 0.3020 | RMSE: 0.3948 *
[2026-05-14 19:26:58] Epoch  20/100 | Train Loss: 0.0516 | Val Loss: 0.1569 | MAE: 0.2982 | RMSE: 0.3873 *
[2026-05-14 19:26:58] Epoch  24/100 | Train Loss: 0.0458 | Val Loss: 0.1568 | MAE: 0.2971 | RMSE: 0.3874 *
[2026-05-14 19:26:58] Epoch  25/100 | Train Loss: 0.0447 | Val Loss: 0.1505 | MAE: 0.2903 | RMSE: 0.3798 *
[2026-05-14 19:26:58] Epoch  26/100 | Train Loss: 0.0437 | Val Loss: 0.1494 | MAE: 0.2877 | RMSE: 0.3777 *
[2026-05-14 19:26:58] Epoch  27/100 | Train Loss: 0.0403 | Val Loss: 0.1458 | MAE: 0.2834 | RMSE: 0.3724 *
[2026-05-14 19:26:58] Epoch  30/100 | Train Loss: 0.0639 | Val Loss: 0.1530 | MAE: 0.2987 | RMSE: 0.3796
[2026-05-14 19:26:58] Epoch  31/100 | Train Loss: 0.0467 | Val Loss: 0.1419 | MAE: 0.2844 | RMSE: 0.3695 *
[2026-05-14 19:26:58] Epoch  32/100 | Train Loss: 0.0434 | Val Loss: 0.1330 | MAE: 0.2702 | RMSE: 0.3612 *
[2026-05-14 19:26:58] Epoch  33/100 | Train Loss: 0.0467 | Val Loss: 0.1278 | MAE: 0.2632 | RMSE: 0.3550 *
[2026-05-14 19:26:59] Epoch  34/100 | Train Loss: 0.0484 | Val Loss: 0.1208 | MAE: 0.2539 | RMSE: 0.3442 *
[2026-05-14 19:26:59] Epoch  35/100 | Train Loss: 0.0421 | Val Loss: 0.1166 | MAE: 0.2534 | RMSE: 0.3375 *
[2026-05-14 19:26:59] Epoch  40/100 | Train Loss: 0.0477 | Val Loss: 0.1221 | MAE: 0.2557 | RMSE: 0.3458
[2026-05-14 19:26:59] Epoch  41/100 | Train Loss: 0.0467 | Val Loss: 0.1156 | MAE: 0.2532 | RMSE: 0.3363 *
[2026-05-14 19:26:59] Epoch  50/100 | Train Loss: 0.0320 | Val Loss: 0.1320 | MAE: 0.2669 | RMSE: 0.3578
[2026-05-14 19:27:00] Epoch  52/100 | Train Loss: 0.0369 | Val Loss: 0.1150 | MAE: 0.2497 | RMSE: 0.3354 *
[2026-05-14 19:27:00] Epoch  53/100 | Train Loss: 0.0358 | Val Loss: 0.1114 | MAE: 0.2455 | RMSE: 0.3304 *
[2026-05-14 19:27:00] Epoch  54/100 | Train Loss: 0.0379 | Val Loss: 0.1090 | MAE: 0.2417 | RMSE: 0.3248 *
[2026-05-14 19:27:00] Epoch  60/100 | Train Loss: 0.0304 | Val Loss: 0.1213 | MAE: 0.2600 | RMSE: 0.3413
[2026-05-14 19:27:01] 
早停触发于 epoch 69
[2026-05-14 19:27:01] 
── 测试集结果 ──
[2026-05-14 19:27:01]   Loss: 0.1109
[2026-05-14 19:27:01]   MAE:  0.2551
[2026-05-14 19:27:01]   RMSE: 0.3270
[2026-05-14 19:27:01] 图表已保存至 outputs/figures/
[2026-05-14 19:27:01] 模型已保存至 outputs/models/lstm_base_best.pt
[2026-05-14 19:27:01] 日志已保存至 outputs/logs/train_lstm_base.log
[2026-05-14 19:40:49] 设备: cuda
[2026-05-14 19:40:49] 配置文件: configs/lstm_base.yaml
[2026-05-14 19:40:49] ── 数据集信息 ──
[2026-05-14 19:40:49]   数据来源: Open-Meteo Archive API (合肥, 117.19E, 31.77N)
[2026-05-14 19:40:49]   时间范围: 2023-05-13 ~ 2026-05-13
[2026-05-14 19:40:49]   原始样本数: 1097 天
[2026-05-14 19:40:49]   输入特征数: 13 (11个天气变量 + day_of_year + month)
[2026-05-14 19:40:49]   预测目标: temperature_2m_mean
[2026-05-14 19:40:49]   滑动窗口: 过去 14 天 → 预测未来 1 天
[2026-05-14 19:40:49]   划分比例: 训练 80% / 验证 10% / 测试 10%
[2026-05-14 19:40:49]   训练集样本: 863 | 验证集样本: 96 | 测试集样本: 96
[2026-05-14 19:40:49] 
── 模型结构 ──
LSTM(
  (lstm): LSTM(13, 64, num_layers=2, batch_first=True, dropout=0.2)
  (fc): Linear(in_features=64, out_features=1, bias=True)
)

[2026-05-14 19:40:49]   可训练参数量: 53,569
[2026-05-14 19:40:49] 
── 超参数 ──
[2026-05-14 19:40:49]   模型类型: lstm
[2026-05-14 19:40:49]   hidden_dim: 64
[2026-05-14 19:40:49]   num_layers: 2
[2026-05-14 19:40:49]   dropout: 0.2
[2026-05-14 19:40:49]   lr: 0.001
[2026-05-14 19:40:49]   batch_size: 32
[2026-05-14 19:40:49] 
── 开始训练 (max 100 epochs) ──
[2026-05-14 19:40:49] Epoch   1/100 | Train Loss: 0.7976 | Val Loss: 0.3574 | MAE: 0.4290 | RMSE: 0.5725 *
[2026-05-14 19:40:49] Epoch   2/100 | Train Loss: 0.2100 | Val Loss: 0.2944 | MAE: 0.3818 | RMSE: 0.5271 *
[2026-05-14 19:40:49] Epoch   4/100 | Train Loss: 0.1118 | Val Loss: 0.2765 | MAE: 0.3667 | RMSE: 0.5189 *
[2026-05-14 19:40:49] Epoch   5/100 | Train Loss: 0.0971 | Val Loss: 0.2618 | MAE: 0.3573 | RMSE: 0.5057 *
[2026-05-14 19:40:49] Epoch   6/100 | Train Loss: 0.0863 | Val Loss: 0.2501 | MAE: 0.3545 | RMSE: 0.4946 *
[2026-05-14 19:40:49] Epoch   7/100 | Train Loss: 0.1139 | Val Loss: 0.2457 | MAE: 0.3655 | RMSE: 0.4894 *
[2026-05-14 19:40:50] Epoch   8/100 | Train Loss: 0.1283 | Val Loss: 0.2427 | MAE: 0.3539 | RMSE: 0.4862 *
[2026-05-14 19:40:50] Epoch   9/100 | Train Loss: 0.0822 | Val Loss: 0.2226 | MAE: 0.3382 | RMSE: 0.4679 *
[2026-05-14 19:40:50] Epoch  10/100 | Train Loss: 0.0682 | Val Loss: 0.2013 | MAE: 0.3252 | RMSE: 0.4451 *
[2026-05-14 19:40:50] Epoch  11/100 | Train Loss: 0.0683 | Val Loss: 0.2003 | MAE: 0.3346 | RMSE: 0.4419 *
[2026-05-14 19:40:50] Epoch  12/100 | Train Loss: 0.1061 | Val Loss: 0.1993 | MAE: 0.3310 | RMSE: 0.4379 *
[2026-05-14 19:40:50] Epoch  14/100 | Train Loss: 0.0591 | Val Loss: 0.1842 | MAE: 0.3203 | RMSE: 0.4237 *
[2026-05-14 19:40:50] Epoch  15/100 | Train Loss: 0.0601 | Val Loss: 0.1734 | MAE: 0.3121 | RMSE: 0.4098 *
[2026-05-14 19:40:50] Epoch  18/100 | Train Loss: 0.0543 | Val Loss: 0.1725 | MAE: 0.3122 | RMSE: 0.4067 *
[2026-05-14 19:40:50] Epoch  19/100 | Train Loss: 0.0537 | Val Loss: 0.1632 | MAE: 0.3031 | RMSE: 0.3949 *
[2026-05-14 19:40:50] Epoch  20/100 | Train Loss: 0.0588 | Val Loss: 0.1628 | MAE: 0.3036 | RMSE: 0.3938 *
[2026-05-14 19:40:50] Epoch  23/100 | Train Loss: 0.0500 | Val Loss: 0.1595 | MAE: 0.2981 | RMSE: 0.3909 *
[2026-05-14 19:40:50] Epoch  24/100 | Train Loss: 0.0491 | Val Loss: 0.1507 | MAE: 0.2890 | RMSE: 0.3800 *
[2026-05-14 19:40:50] Epoch  25/100 | Train Loss: 0.0527 | Val Loss: 0.1485 | MAE: 0.2887 | RMSE: 0.3758 *
[2026-05-14 19:40:51] Epoch  30/100 | Train Loss: 0.0442 | Val Loss: 0.1430 | MAE: 0.2755 | RMSE: 0.3693 *
[2026-05-14 19:40:51] Epoch  31/100 | Train Loss: 0.0431 | Val Loss: 0.1378 | MAE: 0.2727 | RMSE: 0.3626 *
[2026-05-14 19:40:51] Epoch  36/100 | Train Loss: 0.0478 | Val Loss: 0.1182 | MAE: 0.2456 | RMSE: 0.3405 *
[2026-05-14 19:40:51] Epoch  37/100 | Train Loss: 0.0458 | Val Loss: 0.1107 | MAE: 0.2413 | RMSE: 0.3295 *
[2026-05-14 19:40:51] Epoch  40/100 | Train Loss: 0.0393 | Val Loss: 0.1296 | MAE: 0.2618 | RMSE: 0.3543
[2026-05-14 19:40:52] Epoch  50/100 | Train Loss: 0.0359 | Val Loss: 0.1187 | MAE: 0.2474 | RMSE: 0.3378
[2026-05-14 19:40:52] 
早停触发于 epoch 52
[2026-05-14 19:40:52] 
── 测试集结果 ──
[2026-05-14 19:40:52]   Loss: 0.1401
[2026-05-14 19:40:52]   MAE:  0.2869
[2026-05-14 19:40:52]   RMSE: 0.3662
[2026-05-14 19:40:52] 图表已保存至 outputs/figures/
[2026-05-14 19:40:52] 模型已保存至 outputs/models/lstm_base_best.pt
[2026-05-14 19:40:52] 日志已保存至 outputs/logs/train_lstm_base.log
[2026-05-14 22:01:06] 设备: cuda
[2026-05-14 22:01:06] 随机种子: 4044
[2026-05-14 22:01:06] 配置文件: configs/lstm_base.yaml
[2026-05-14 22:01:06] ── 数据集信息 ──
[2026-05-14 22:01:06]   数据来源: Open-Meteo Archive API (合肥, 117.19E, 31.77N)
[2026-05-14 22:01:06]   时间范围: 2023-05-13 ~ 2026-05-13
[2026-05-14 22:01:06]   原始样本数: 1097 天
[2026-05-14 22:01:06]   输入特征数: 13 (11个天气变量 + day_of_year + month)
[2026-05-14 22:01:06]   预测目标: temperature_2m_mean
[2026-05-14 22:01:06]   滑动窗口: 过去 14 天 → 预测未来 1 天
[2026-05-14 22:01:06]   划分比例: 训练 80% / 验证 10% / 测试 10%
[2026-05-14 22:01:06]   训练集样本: 863 | 验证集样本: 96 | 测试集样本: 96
[2026-05-14 22:01:06] 
── 模型结构 ──
LSTM(
  (lstm): LSTM(13, 64, num_layers=2, batch_first=True, dropout=0.2)
  (fc): Linear(in_features=64, out_features=1, bias=True)
)

[2026-05-14 22:01:06]   可训练参数量: 53,569
[2026-05-14 22:01:06] 
── 超参数 ──
[2026-05-14 22:01:06]   模型类型: lstm
[2026-05-14 22:01:06]   hidden_dim: 64
[2026-05-14 22:01:06]   num_layers: 2
[2026-05-14 22:01:06]   dropout: 0.2
[2026-05-14 22:01:06]   lr: 0.001
[2026-05-14 22:01:06]   batch_size: 32
[2026-05-14 22:01:06] 
── 开始训练 (max 100 epochs) ──
[2026-05-14 22:01:06] Epoch   1/100 | Train Loss: 0.7071 | Val Loss: 0.3791 | MAE: 0.4443 | RMSE: 0.6032 *
[2026-05-14 22:01:06] Epoch   2/100 | Train Loss: 0.1771 | Val Loss: 0.2971 | MAE: 0.3813 | RMSE: 0.5346 *
[2026-05-14 22:01:06] Epoch   3/100 | Train Loss: 0.1581 | Val Loss: 0.2755 | MAE: 0.3728 | RMSE: 0.5174 *
[2026-05-14 22:01:07] Epoch   4/100 | Train Loss: 0.1077 | Val Loss: 0.2654 | MAE: 0.3611 | RMSE: 0.5100 *
[2026-05-14 22:01:07] Epoch   5/100 | Train Loss: 0.0920 | Val Loss: 0.2574 | MAE: 0.3607 | RMSE: 0.5031 *
[2026-05-14 22:01:07] Epoch   6/100 | Train Loss: 0.0857 | Val Loss: 0.2440 | MAE: 0.3580 | RMSE: 0.4893 *
[2026-05-14 22:01:07] Epoch   7/100 | Train Loss: 0.1124 | Val Loss: 0.2249 | MAE: 0.3467 | RMSE: 0.4687 *
[2026-05-14 22:01:07] Epoch   9/100 | Train Loss: 0.0725 | Val Loss: 0.2045 | MAE: 0.3336 | RMSE: 0.4477 *
[2026-05-14 22:01:07] Epoch  10/100 | Train Loss: 0.0690 | Val Loss: 0.1945 | MAE: 0.3306 | RMSE: 0.4352 *
[2026-05-14 22:01:07] Epoch  11/100 | Train Loss: 0.0827 | Val Loss: 0.1885 | MAE: 0.3266 | RMSE: 0.4263 *
[2026-05-14 22:01:07] Epoch  13/100 | Train Loss: 0.0632 | Val Loss: 0.1851 | MAE: 0.3253 | RMSE: 0.4223 *
[2026-05-14 22:01:07] Epoch  14/100 | Train Loss: 0.0618 | Val Loss: 0.1734 | MAE: 0.3142 | RMSE: 0.4087 *
[2026-05-14 22:01:07] Epoch  15/100 | Train Loss: 0.0668 | Val Loss: 0.1693 | MAE: 0.3106 | RMSE: 0.4030 *
[2026-05-14 22:01:07] Epoch  16/100 | Train Loss: 0.0586 | Val Loss: 0.1678 | MAE: 0.3091 | RMSE: 0.4011 *
[2026-05-14 22:01:07] Epoch  17/100 | Train Loss: 0.0549 | Val Loss: 0.1630 | MAE: 0.3038 | RMSE: 0.3957 *
[2026-05-14 22:01:07] Epoch  18/100 | Train Loss: 0.0544 | Val Loss: 0.1587 | MAE: 0.2996 | RMSE: 0.3901 *
[2026-05-14 22:01:07] Epoch  20/100 | Train Loss: 0.0582 | Val Loss: 0.1665 | MAE: 0.3080 | RMSE: 0.3976
[2026-05-14 22:01:08] Epoch  22/100 | Train Loss: 0.0494 | Val Loss: 0.1520 | MAE: 0.2921 | RMSE: 0.3816 *
[2026-05-14 22:01:08] Epoch  23/100 | Train Loss: 0.0470 | Val Loss: 0.1456 | MAE: 0.2830 | RMSE: 0.3745 *
[2026-05-14 22:01:08] Epoch  24/100 | Train Loss: 0.0458 | Val Loss: 0.1410 | MAE: 0.2772 | RMSE: 0.3685 *
[2026-05-14 22:01:08] Epoch  25/100 | Train Loss: 0.0462 | Val Loss: 0.1361 | MAE: 0.2702 | RMSE: 0.3624 *
[2026-05-14 22:01:08] Epoch  26/100 | Train Loss: 0.0435 | Val Loss: 0.1344 | MAE: 0.2709 | RMSE: 0.3592 *
[2026-05-14 22:01:08] Epoch  30/100 | Train Loss: 0.0478 | Val Loss: 0.1559 | MAE: 0.2982 | RMSE: 0.3873
[2026-05-14 22:01:08] Epoch  32/100 | Train Loss: 0.0659 | Val Loss: 0.1135 | MAE: 0.2491 | RMSE: 0.3341 *
[2026-05-14 22:01:08] Epoch  33/100 | Train Loss: 0.0491 | Val Loss: 0.1125 | MAE: 0.2478 | RMSE: 0.3317 *
[2026-05-14 22:01:09] Epoch  40/100 | Train Loss: 0.0374 | Val Loss: 0.1231 | MAE: 0.2591 | RMSE: 0.3441
[2026-05-14 22:01:09] Epoch  48/100 | Train Loss: 0.0353 | Val Loss: 0.1103 | MAE: 0.2482 | RMSE: 0.3279 *
[2026-05-14 22:01:09] Epoch  49/100 | Train Loss: 0.0383 | Val Loss: 0.1045 | MAE: 0.2396 | RMSE: 0.3185 *
[2026-05-14 22:01:09] Epoch  50/100 | Train Loss: 0.0404 | Val Loss: 0.1033 | MAE: 0.2344 | RMSE: 0.3163 *
[2026-05-14 22:01:10] Epoch  60/100 | Train Loss: 0.0410 | Val Loss: 0.1213 | MAE: 0.2653 | RMSE: 0.3418
[2026-05-14 22:01:10] 
早停触发于 epoch 65
[2026-05-14 22:01:10] 
── 测试集结果 ──
[2026-05-14 22:01:10]   Loss: 0.1117
[2026-05-14 22:01:10]   MAE:  0.2533
[2026-05-14 22:01:10]   RMSE: 0.3280
[2026-05-14 22:01:10] 图表已保存至 outputs/figures/
[2026-05-14 22:01:10] 模型已保存至 outputs/models/lstm_base_best.pt
[2026-05-14 22:01:10] 日志已保存至 outputs/logs/train_lstm_base.log
