[2026-05-14 19:40:52] 设备: cuda
[2026-05-14 19:40:52] 配置文件: configs/gru_base.yaml
[2026-05-14 19:40:52] ── 数据集信息 ──
[2026-05-14 19:40:52]   数据来源: Open-Meteo Archive API (合肥, 117.19E, 31.77N)
[2026-05-14 19:40:52]   时间范围: 2023-05-13 ~ 2026-05-13
[2026-05-14 19:40:52]   原始样本数: 1097 天
[2026-05-14 19:40:52]   输入特征数: 13 (11个天气变量 + day_of_year + month)
[2026-05-14 19:40:52]   预测目标: temperature_2m_mean
[2026-05-14 19:40:52]   滑动窗口: 过去 14 天 → 预测未来 1 天
[2026-05-14 19:40:52]   划分比例: 训练 80% / 验证 10% / 测试 10%
[2026-05-14 19:40:52]   训练集样本: 863 | 验证集样本: 96 | 测试集样本: 96
[2026-05-14 19:40:52] 
── 模型结构 ──
GRU(
  (gru): GRU(13, 64, num_layers=2, batch_first=True, dropout=0.2)
  (fc): Linear(in_features=64, out_features=1, bias=True)
)

[2026-05-14 19:40:52]   可训练参数量: 40,193
[2026-05-14 19:40:52] 
── 超参数 ──
[2026-05-14 19:40:52]   模型类型: gru
[2026-05-14 19:40:52]   hidden_dim: 64
[2026-05-14 19:40:52]   num_layers: 2
[2026-05-14 19:40:52]   dropout: 0.2
[2026-05-14 19:40:52]   lr: 0.001
[2026-05-14 19:40:52]   batch_size: 32
[2026-05-14 19:40:52] 
── 开始训练 (max 100 epochs) ──
[2026-05-14 19:40:52] Epoch   1/100 | Train Loss: 0.3926 | Val Loss: 0.2638 | MAE: 0.3681 | RMSE: 0.5070 *
[2026-05-14 19:40:52] Epoch   2/100 | Train Loss: 0.1012 | Val Loss: 0.2108 | MAE: 0.3216 | RMSE: 0.4545 *
[2026-05-14 19:40:52] Epoch   3/100 | Train Loss: 0.0771 | Val Loss: 0.1912 | MAE: 0.3092 | RMSE: 0.4334 *
[2026-05-14 19:40:52] Epoch   4/100 | Train Loss: 0.0701 | Val Loss: 0.1784 | MAE: 0.3050 | RMSE: 0.4180 *
[2026-05-14 19:40:52] Epoch   5/100 | Train Loss: 0.0632 | Val Loss: 0.1680 | MAE: 0.3012 | RMSE: 0.4047 *
[2026-05-14 19:40:53] Epoch   6/100 | Train Loss: 0.0607 | Val Loss: 0.1655 | MAE: 0.3054 | RMSE: 0.4004 *
[2026-05-14 19:40:53] Epoch  10/100 | Train Loss: 0.0845 | Val Loss: 0.1624 | MAE: 0.3120 | RMSE: 0.3942 *
[2026-05-14 19:40:53] Epoch  11/100 | Train Loss: 0.0756 | Val Loss: 0.1462 | MAE: 0.2877 | RMSE: 0.3751 *
[2026-05-14 19:40:53] Epoch  12/100 | Train Loss: 0.0586 | Val Loss: 0.1350 | MAE: 0.2745 | RMSE: 0.3609 *
[2026-05-14 19:40:53] Epoch  13/100 | Train Loss: 0.0522 | Val Loss: 0.1335 | MAE: 0.2709 | RMSE: 0.3589 *
[2026-05-14 19:40:53] Epoch  14/100 | Train Loss: 0.0491 | Val Loss: 0.1284 | MAE: 0.2660 | RMSE: 0.3527 *
[2026-05-14 19:40:53] Epoch  15/100 | Train Loss: 0.0487 | Val Loss: 0.1279 | MAE: 0.2645 | RMSE: 0.3519 *
[2026-05-14 19:40:53] Epoch  16/100 | Train Loss: 0.0461 | Val Loss: 0.1269 | MAE: 0.2664 | RMSE: 0.3503 *
[2026-05-14 19:40:53] Epoch  20/100 | Train Loss: 0.0460 | Val Loss: 0.1293 | MAE: 0.2736 | RMSE: 0.3531
[2026-05-14 19:40:54] Epoch  25/100 | Train Loss: 0.0490 | Val Loss: 0.1258 | MAE: 0.2733 | RMSE: 0.3488 *
[2026-05-14 19:40:54] Epoch  26/100 | Train Loss: 0.0462 | Val Loss: 0.1225 | MAE: 0.2683 | RMSE: 0.3448 *
[2026-05-14 19:40:54] Epoch  27/100 | Train Loss: 0.0431 | Val Loss: 0.1184 | MAE: 0.2621 | RMSE: 0.3397 *
[2026-05-14 19:40:54] Epoch  28/100 | Train Loss: 0.0425 | Val Loss: 0.1167 | MAE: 0.2607 | RMSE: 0.3373 *
[2026-05-14 19:40:54] Epoch  30/100 | Train Loss: 0.0406 | Val Loss: 0.1127 | MAE: 0.2452 | RMSE: 0.3327 *
[2026-05-14 19:40:54] Epoch  31/100 | Train Loss: 0.0422 | Val Loss: 0.1076 | MAE: 0.2350 | RMSE: 0.3259 *
[2026-05-14 19:40:54] Epoch  40/100 | Train Loss: 0.0351 | Val Loss: 0.1114 | MAE: 0.2403 | RMSE: 0.3316
[2026-05-14 19:40:55] 
早停触发于 epoch 46
[2026-05-14 19:40:55] 
── 测试集结果 ──
[2026-05-14 19:40:55]   Loss: 0.1221
[2026-05-14 19:40:55]   MAE:  0.2606
[2026-05-14 19:40:55]   RMSE: 0.3442
[2026-05-14 19:40:55] 图表已保存至 outputs/figures/
[2026-05-14 19:40:55] 模型已保存至 outputs/models/gru_base_best.pt
[2026-05-14 19:40:55] 日志已保存至 outputs/logs/train_gru_base.log
[2026-05-14 22:01:10] 设备: cuda
[2026-05-14 22:01:10] 随机种子: 4044
[2026-05-14 22:01:10] 配置文件: configs/gru_base.yaml
[2026-05-14 22:01:10] ── 数据集信息 ──
[2026-05-14 22:01:10]   数据来源: Open-Meteo Archive API (合肥, 117.19E, 31.77N)
[2026-05-14 22:01:10]   时间范围: 2023-05-13 ~ 2026-05-13
[2026-05-14 22:01:10]   原始样本数: 1097 天
[2026-05-14 22:01:10]   输入特征数: 13 (11个天气变量 + day_of_year + month)
[2026-05-14 22:01:10]   预测目标: temperature_2m_mean
[2026-05-14 22:01:10]   滑动窗口: 过去 14 天 → 预测未来 1 天
[2026-05-14 22:01:10]   划分比例: 训练 80% / 验证 10% / 测试 10%
[2026-05-14 22:01:10]   训练集样本: 863 | 验证集样本: 96 | 测试集样本: 96
[2026-05-14 22:01:10] 
── 模型结构 ──
GRU(
  (gru): GRU(13, 64, num_layers=2, batch_first=True, dropout=0.2)
  (fc): Linear(in_features=64, out_features=1, bias=True)
)

[2026-05-14 22:01:10]   可训练参数量: 40,193
[2026-05-14 22:01:10] 
── 超参数 ──
[2026-05-14 22:01:10]   模型类型: gru
[2026-05-14 22:01:10]   hidden_dim: 64
[2026-05-14 22:01:10]   num_layers: 2
[2026-05-14 22:01:10]   dropout: 0.2
[2026-05-14 22:01:10]   lr: 0.001
[2026-05-14 22:01:10]   batch_size: 32
[2026-05-14 22:01:10] 
── 开始训练 (max 100 epochs) ──
[2026-05-14 22:01:10] Epoch   1/100 | Train Loss: 0.5310 | Val Loss: 0.2957 | MAE: 0.4000 | RMSE: 0.5348 *
[2026-05-14 22:01:10] Epoch   2/100 | Train Loss: 0.1216 | Val Loss: 0.2273 | MAE: 0.3299 | RMSE: 0.4698 *
[2026-05-14 22:01:10] Epoch   3/100 | Train Loss: 0.0797 | Val Loss: 0.1984 | MAE: 0.3056 | RMSE: 0.4400 *
[2026-05-14 22:01:10] Epoch   4/100 | Train Loss: 0.0700 | Val Loss: 0.1888 | MAE: 0.3024 | RMSE: 0.4303 *
[2026-05-14 22:01:10] Epoch   5/100 | Train Loss: 0.0671 | Val Loss: 0.1752 | MAE: 0.2980 | RMSE: 0.4144 *
[2026-05-14 22:01:10] Epoch   6/100 | Train Loss: 0.0612 | Val Loss: 0.1658 | MAE: 0.2974 | RMSE: 0.4018 *
[2026-05-14 22:01:11] Epoch   7/100 | Train Loss: 0.0573 | Val Loss: 0.1656 | MAE: 0.3032 | RMSE: 0.3997 *
[2026-05-14 22:01:11] Epoch   8/100 | Train Loss: 0.0576 | Val Loss: 0.1626 | MAE: 0.3048 | RMSE: 0.3953 *
[2026-05-14 22:01:11] Epoch  10/100 | Train Loss: 0.0677 | Val Loss: 0.1661 | MAE: 0.3154 | RMSE: 0.3979
[2026-05-14 22:01:11] Epoch  12/100 | Train Loss: 0.0739 | Val Loss: 0.1443 | MAE: 0.2888 | RMSE: 0.3717 *
[2026-05-14 22:01:11] Epoch  13/100 | Train Loss: 0.0588 | Val Loss: 0.1367 | MAE: 0.2780 | RMSE: 0.3623 *
[2026-05-14 22:01:11] Epoch  14/100 | Train Loss: 0.0531 | Val Loss: 0.1309 | MAE: 0.2712 | RMSE: 0.3551 *
[2026-05-14 22:01:11] Epoch  15/100 | Train Loss: 0.0503 | Val Loss: 0.1282 | MAE: 0.2659 | RMSE: 0.3519 *
[2026-05-14 22:01:11] Epoch  16/100 | Train Loss: 0.0460 | Val Loss: 0.1225 | MAE: 0.2606 | RMSE: 0.3447 *
[2026-05-14 22:01:11] Epoch  20/100 | Train Loss: 0.0483 | Val Loss: 0.1270 | MAE: 0.2713 | RMSE: 0.3503
[2026-05-14 22:01:11] Epoch  22/100 | Train Loss: 0.0465 | Val Loss: 0.1201 | MAE: 0.2608 | RMSE: 0.3412 *
[2026-05-14 22:01:11] Epoch  23/100 | Train Loss: 0.0440 | Val Loss: 0.1170 | MAE: 0.2576 | RMSE: 0.3372 *
[2026-05-14 22:01:11] Epoch  24/100 | Train Loss: 0.0423 | Val Loss: 0.1158 | MAE: 0.2519 | RMSE: 0.3359 *
[2026-05-14 22:01:11] Epoch  25/100 | Train Loss: 0.0402 | Val Loss: 0.1098 | MAE: 0.2468 | RMSE: 0.3281 *
[2026-05-14 22:01:12] Epoch  30/100 | Train Loss: 0.0383 | Val Loss: 0.1186 | MAE: 0.2574 | RMSE: 0.3398
[2026-05-14 22:01:12] Epoch  32/100 | Train Loss: 0.0360 | Val Loss: 0.1083 | MAE: 0.2457 | RMSE: 0.3263 *
[2026-05-14 22:01:12] Epoch  40/100 | Train Loss: 0.0379 | Val Loss: 0.1222 | MAE: 0.2684 | RMSE: 0.3462
[2026-05-14 22:01:13] 
早停触发于 epoch 47
[2026-05-14 22:01:13] 
── 测试集结果 ──
[2026-05-14 22:01:13]   Loss: 0.1123
[2026-05-14 22:01:13]   MAE:  0.2503
[2026-05-14 22:01:13]   RMSE: 0.3299
[2026-05-14 22:01:13] 图表已保存至 outputs/figures/
[2026-05-14 22:01:13] 模型已保存至 outputs/models/gru_base_best.pt
[2026-05-14 22:01:13] 日志已保存至 outputs/logs/train_gru_base.log
