[2026-05-14 22:08:25] 设备: cuda
[2026-05-14 22:08:25] 随机种子: 4044
[2026-05-14 22:08:25] 配置文件: configs/lstm_30year.yaml
[2026-05-14 22:08:25] ── 数据集信息 ──
[2026-05-14 22:08:25]   数据来源: Open-Meteo Archive API (合肥, 117.19E, 31.77N)
[2026-05-14 22:08:25]   时间范围: 1996-05-13 ~ 2026-05-13
[2026-05-14 22:08:25]   原始样本数: 10958 天
[2026-05-14 22:08:25]   输入特征数: 13 (11个天气变量 + day_of_year + month)
[2026-05-14 22:08:25]   预测目标: temperature_2m_mean
[2026-05-14 22:08:25]   滑动窗口: 过去 14 天 → 预测未来 1 天
[2026-05-14 22:08:25]   划分比例: 训练 80% / 验证 10% / 测试 10%
[2026-05-14 22:08:25]   训练集样本: 8752 | 验证集样本: 1082 | 测试集样本: 1082
[2026-05-14 22:08:25] 
── 模型结构 ──
LSTM(
  (lstm): LSTM(13, 64, num_layers=2, batch_first=True, dropout=0.2)
  (fc): Linear(in_features=64, out_features=1, bias=True)
)

[2026-05-14 22:08:25]   可训练参数量: 53,569
[2026-05-14 22:08:25] 
── 超参数 ──
[2026-05-14 22:08:25]   模型类型: lstm
[2026-05-14 22:08:25]   hidden_dim: 64
[2026-05-14 22:08:25]   num_layers: 2
[2026-05-14 22:08:25]   dropout: 0.2
[2026-05-14 22:08:25]   lr: 0.001
[2026-05-14 22:08:25]   batch_size: 32
[2026-05-14 22:08:25] 
── 开始训练 (max 100 epochs) ──
[2026-05-14 22:08:26] Epoch   1/100 | Train Loss: 0.1581 | Val Loss: 0.0782 | MAE: 0.2142 | RMSE: 0.2668 *
[2026-05-14 22:08:27] Epoch   2/100 | Train Loss: 0.0654 | Val Loss: 0.0595 | MAE: 0.1903 | RMSE: 0.2363 *
[2026-05-14 22:08:27] Epoch   3/100 | Train Loss: 0.0536 | Val Loss: 0.0501 | MAE: 0.1738 | RMSE: 0.2173 *
[2026-05-14 22:08:28] Epoch   5/100 | Train Loss: 0.0429 | Val Loss: 0.0433 | MAE: 0.1583 | RMSE: 0.1994 *
[2026-05-14 22:08:29] Epoch   6/100 | Train Loss: 0.0408 | Val Loss: 0.0379 | MAE: 0.1445 | RMSE: 0.1879 *
[2026-05-14 22:08:31] Epoch   9/100 | Train Loss: 0.0377 | Val Loss: 0.0339 | MAE: 0.1385 | RMSE: 0.1784 *
[2026-05-14 22:08:31] Epoch  10/100 | Train Loss: 0.0379 | Val Loss: 0.0593 | MAE: 0.1967 | RMSE: 0.2349
[2026-05-14 22:08:33] Epoch  13/100 | Train Loss: 0.0365 | Val Loss: 0.0309 | MAE: 0.1308 | RMSE: 0.1709 *
[2026-05-14 22:08:37] Epoch  20/100 | Train Loss: 0.0342 | Val Loss: 0.0344 | MAE: 0.1431 | RMSE: 0.1804
[2026-05-14 22:08:41] 
早停触发于 epoch 28
[2026-05-14 22:08:41] 
── 测试集结果 ──
[2026-05-14 22:08:41]   Loss: 0.0330
[2026-05-14 22:08:41]   MAE:  0.1361
[2026-05-14 22:08:41]   RMSE: 0.1766
[2026-05-14 22:08:42] 图表已保存至 outputs/figures/
[2026-05-14 22:08:42] 模型已保存至 outputs/models/lstm_30year_best.pt
[2026-05-14 22:08:42] 日志已保存至 outputs/logs/train_lstm_30year.log
