[2026-05-14 20:06:31] 设备: cuda
[2026-05-14 20:06:31] 配置文件: configs/lstm_6year.yaml
[2026-05-14 20:06:31] ── 数据集信息 ──
[2026-05-14 20:06:31]   数据来源: Open-Meteo Archive API (合肥, 117.19E, 31.77N)
[2026-05-14 20:06:31]   时间范围: 2020-05-13 ~ 2026-05-13
[2026-05-14 20:06:31]   原始样本数: 2192 天
[2026-05-14 20:06:31]   输入特征数: 13 (11个天气变量 + day_of_year + month)
[2026-05-14 20:06:31]   预测目标: temperature_2m_mean
[2026-05-14 20:06:31]   滑动窗口: 过去 14 天 → 预测未来 1 天
[2026-05-14 20:06:31]   划分比例: 训练 80% / 验证 10% / 测试 10%
[2026-05-14 20:06:31]   训练集样本: 1739 | 验证集样本: 205 | 测试集样本: 206
[2026-05-14 20:06:31] 
── 模型结构 ──
LSTM(
  (lstm): LSTM(13, 64, num_layers=2, batch_first=True, dropout=0.2)
  (fc): Linear(in_features=64, out_features=1, bias=True)
)

[2026-05-14 20:06:31]   可训练参数量: 53,569
[2026-05-14 20:06:31] 
── 超参数 ──
[2026-05-14 20:06:31]   模型类型: lstm
[2026-05-14 20:06:31]   hidden_dim: 64
[2026-05-14 20:06:31]   num_layers: 2
[2026-05-14 20:06:31]   dropout: 0.2
[2026-05-14 20:06:31]   lr: 0.001
[2026-05-14 20:06:31]   batch_size: 32
[2026-05-14 20:06:31] 
── 开始训练 (max 100 epochs) ──
[2026-05-14 20:06:31] Epoch   1/100 | Train Loss: 0.4370 | Val Loss: 0.2679 | MAE: 0.4061 | RMSE: 0.4899 *
[2026-05-14 20:06:31] Epoch   2/100 | Train Loss: 0.1017 | Val Loss: 0.2146 | MAE: 0.3786 | RMSE: 0.4471 *
[2026-05-14 20:06:31] Epoch   3/100 | Train Loss: 0.0772 | Val Loss: 0.1787 | MAE: 0.3428 | RMSE: 0.4100 *
[2026-05-14 20:06:31] Epoch   4/100 | Train Loss: 0.0771 | Val Loss: 0.1715 | MAE: 0.3292 | RMSE: 0.4021 *
[2026-05-14 20:06:31] Epoch   5/100 | Train Loss: 0.0797 | Val Loss: 0.1482 | MAE: 0.3116 | RMSE: 0.3739 *
[2026-05-14 20:06:31] Epoch   6/100 | Train Loss: 0.0586 | Val Loss: 0.1310 | MAE: 0.2904 | RMSE: 0.3507 *
[2026-05-14 20:06:31] Epoch   7/100 | Train Loss: 0.0620 | Val Loss: 0.1274 | MAE: 0.2865 | RMSE: 0.3458 *
[2026-05-14 20:06:31] Epoch   8/100 | Train Loss: 0.0555 | Val Loss: 0.1224 | MAE: 0.2803 | RMSE: 0.3395 *
[2026-05-14 20:06:32] Epoch   9/100 | Train Loss: 0.0523 | Val Loss: 0.1138 | MAE: 0.2710 | RMSE: 0.3264 *
[2026-05-14 20:06:32] Epoch  10/100 | Train Loss: 0.0538 | Val Loss: 0.1087 | MAE: 0.2642 | RMSE: 0.3187 *
[2026-05-14 20:06:32] Epoch  12/100 | Train Loss: 0.0512 | Val Loss: 0.1028 | MAE: 0.2556 | RMSE: 0.3102 *
[2026-05-14 20:06:32] Epoch  14/100 | Train Loss: 0.0468 | Val Loss: 0.0972 | MAE: 0.2465 | RMSE: 0.3020 *
[2026-05-14 20:06:32] Epoch  15/100 | Train Loss: 0.0414 | Val Loss: 0.0965 | MAE: 0.2448 | RMSE: 0.3011 *
[2026-05-14 20:06:32] Epoch  16/100 | Train Loss: 0.0415 | Val Loss: 0.0905 | MAE: 0.2396 | RMSE: 0.2915 *
[2026-05-14 20:06:33] Epoch  20/100 | Train Loss: 0.0388 | Val Loss: 0.0860 | MAE: 0.2324 | RMSE: 0.2845 *
[2026-05-14 20:06:33] Epoch  22/100 | Train Loss: 0.0358 | Val Loss: 0.0854 | MAE: 0.2325 | RMSE: 0.2831 *
[2026-05-14 20:06:34] Epoch  27/100 | Train Loss: 0.0357 | Val Loss: 0.0847 | MAE: 0.2298 | RMSE: 0.2815 *
[2026-05-14 20:06:34] Epoch  30/100 | Train Loss: 0.0351 | Val Loss: 0.0942 | MAE: 0.2342 | RMSE: 0.2961
[2026-05-14 20:06:34] Epoch  31/100 | Train Loss: 0.0366 | Val Loss: 0.0840 | MAE: 0.2278 | RMSE: 0.2804 *
[2026-05-14 20:06:36] Epoch  40/100 | Train Loss: 0.0430 | Val Loss: 0.1067 | MAE: 0.2439 | RMSE: 0.3164
[2026-05-14 20:06:36] 
早停触发于 epoch 46
[2026-05-14 20:06:36] 
── 测试集结果 ──
[2026-05-14 20:06:36]   Loss: 0.0915
[2026-05-14 20:06:36]   MAE:  0.2135
[2026-05-14 20:06:36]   RMSE: 0.2962
[2026-05-14 20:06:37] 图表已保存至 outputs/figures/
[2026-05-14 20:06:37] 模型已保存至 outputs/models/lstm_6year_best.pt
[2026-05-14 20:06:37] 日志已保存至 outputs/logs/train_lstm_6year.log
[2026-05-14 22:03:32] 设备: cuda
[2026-05-14 22:03:32] 随机种子: 4044
[2026-05-14 22:03:32] 配置文件: configs/lstm_6year.yaml
[2026-05-14 22:03:32] ── 数据集信息 ──
[2026-05-14 22:03:32]   数据来源: Open-Meteo Archive API (合肥, 117.19E, 31.77N)
[2026-05-14 22:03:32]   时间范围: 2020-05-13 ~ 2026-05-13
[2026-05-14 22:03:32]   原始样本数: 2192 天
[2026-05-14 22:03:32]   输入特征数: 13 (11个天气变量 + day_of_year + month)
[2026-05-14 22:03:32]   预测目标: temperature_2m_mean
[2026-05-14 22:03:32]   滑动窗口: 过去 14 天 → 预测未来 1 天
[2026-05-14 22:03:32]   划分比例: 训练 80% / 验证 10% / 测试 10%
[2026-05-14 22:03:32]   训练集样本: 1739 | 验证集样本: 205 | 测试集样本: 206
[2026-05-14 22:03:32] 
── 模型结构 ──
LSTM(
  (lstm): LSTM(13, 64, num_layers=2, batch_first=True, dropout=0.2)
  (fc): Linear(in_features=64, out_features=1, bias=True)
)

[2026-05-14 22:03:32]   可训练参数量: 53,569
[2026-05-14 22:03:32] 
── 超参数 ──
[2026-05-14 22:03:32]   模型类型: lstm
[2026-05-14 22:03:32]   hidden_dim: 64
[2026-05-14 22:03:32]   num_layers: 2
[2026-05-14 22:03:32]   dropout: 0.2
[2026-05-14 22:03:32]   lr: 0.001
[2026-05-14 22:03:32]   batch_size: 32
[2026-05-14 22:03:32] 
── 开始训练 (max 100 epochs) ──
[2026-05-14 22:03:32] Epoch   1/100 | Train Loss: 0.3812 | Val Loss: 0.2900 | MAE: 0.4383 | RMSE: 0.5175 *
[2026-05-14 22:03:32] Epoch   2/100 | Train Loss: 0.1000 | Val Loss: 0.2383 | MAE: 0.4013 | RMSE: 0.4731 *
[2026-05-14 22:03:32] Epoch   3/100 | Train Loss: 0.0858 | Val Loss: 0.1867 | MAE: 0.3499 | RMSE: 0.4179 *
[2026-05-14 22:03:32] Epoch   4/100 | Train Loss: 0.0809 | Val Loss: 0.1734 | MAE: 0.3286 | RMSE: 0.4003 *
[2026-05-14 22:03:32] Epoch   5/100 | Train Loss: 0.0753 | Val Loss: 0.1625 | MAE: 0.3220 | RMSE: 0.3909 *
[2026-05-14 22:03:33] Epoch   6/100 | Train Loss: 0.0654 | Val Loss: 0.1458 | MAE: 0.3041 | RMSE: 0.3703 *
[2026-05-14 22:03:33] Epoch   7/100 | Train Loss: 0.0608 | Val Loss: 0.1350 | MAE: 0.2921 | RMSE: 0.3555 *
[2026-05-14 22:03:33] Epoch   8/100 | Train Loss: 0.0592 | Val Loss: 0.1291 | MAE: 0.2858 | RMSE: 0.3471 *
[2026-05-14 22:03:33] Epoch   9/100 | Train Loss: 0.0553 | Val Loss: 0.1254 | MAE: 0.2808 | RMSE: 0.3420 *
[2026-05-14 22:03:33] Epoch  10/100 | Train Loss: 0.0554 | Val Loss: 0.1194 | MAE: 0.2736 | RMSE: 0.3334 *
[2026-05-14 22:03:33] Epoch  11/100 | Train Loss: 0.0509 | Val Loss: 0.1158 | MAE: 0.2682 | RMSE: 0.3279 *
[2026-05-14 22:03:33] Epoch  12/100 | Train Loss: 0.0499 | Val Loss: 0.1113 | MAE: 0.2617 | RMSE: 0.3212 *
[2026-05-14 22:03:33] Epoch  13/100 | Train Loss: 0.0485 | Val Loss: 0.1082 | MAE: 0.2568 | RMSE: 0.3172 *
[2026-05-14 22:03:33] Epoch  14/100 | Train Loss: 0.0455 | Val Loss: 0.1043 | MAE: 0.2521 | RMSE: 0.3121 *
[2026-05-14 22:03:34] Epoch  15/100 | Train Loss: 0.0442 | Val Loss: 0.1012 | MAE: 0.2473 | RMSE: 0.3065 *
[2026-05-14 22:03:34] Epoch  16/100 | Train Loss: 0.0406 | Val Loss: 0.0972 | MAE: 0.2434 | RMSE: 0.3000 *
[2026-05-14 22:03:34] Epoch  18/100 | Train Loss: 0.0414 | Val Loss: 0.0956 | MAE: 0.2397 | RMSE: 0.2978 *
[2026-05-14 22:03:34] Epoch  20/100 | Train Loss: 0.0408 | Val Loss: 0.0909 | MAE: 0.2352 | RMSE: 0.2911 *
[2026-05-14 22:03:34] Epoch  23/100 | Train Loss: 0.0348 | Val Loss: 0.0884 | MAE: 0.2324 | RMSE: 0.2869 *
[2026-05-14 22:03:35] Epoch  30/100 | Train Loss: 0.0316 | Val Loss: 0.0974 | MAE: 0.2411 | RMSE: 0.3033
[2026-05-14 22:03:36] Epoch  35/100 | Train Loss: 0.0333 | Val Loss: 0.0857 | MAE: 0.2303 | RMSE: 0.2836 *
[2026-05-14 22:03:36] Epoch  40/100 | Train Loss: 0.0283 | Val Loss: 0.0934 | MAE: 0.2338 | RMSE: 0.2967
[2026-05-14 22:03:36] Epoch  41/100 | Train Loss: 0.0300 | Val Loss: 0.0854 | MAE: 0.2298 | RMSE: 0.2831 *
[2026-05-14 22:03:37] Epoch  50/100 | Train Loss: 0.0298 | Val Loss: 0.0871 | MAE: 0.2294 | RMSE: 0.2862
[2026-05-14 22:03:38] 
早停触发于 epoch 56
[2026-05-14 22:03:38] 
── 测试集结果 ──
[2026-05-14 22:03:38]   Loss: 0.0925
[2026-05-14 22:03:38]   MAE:  0.2133
[2026-05-14 22:03:38]   RMSE: 0.2973
[2026-05-14 22:03:38] 图表已保存至 outputs/figures/
[2026-05-14 22:03:38] 模型已保存至 outputs/models/lstm_6year_best.pt
[2026-05-14 22:03:38] 日志已保存至 outputs/logs/train_lstm_6year.log
