[2026-05-14 19:27:03] 设备: cuda
[2026-05-14 19:27:03] 配置文件: configs/gru_small.yaml
[2026-05-14 19:27:03] ── 数据集信息 ──
[2026-05-14 19:27:03]   数据来源: Open-Meteo Archive API (合肥, 117.19E, 31.77N)
[2026-05-14 19:27:03]   时间范围: 2023-05-13 ~ 2026-05-13
[2026-05-14 19:27:03]   原始样本数: 1097 天
[2026-05-14 19:27:03]   输入特征数: 13 (11个天气变量 + day_of_year + month)
[2026-05-14 19:27:03]   预测目标: temperature_2m_mean
[2026-05-14 19:27:03]   滑动窗口: 过去 14 天 → 预测未来 1 天
[2026-05-14 19:27:03]   划分比例: 训练 80% / 验证 10% / 测试 10%
[2026-05-14 19:27:03]   训练集样本: 863 | 验证集样本: 96 | 测试集样本: 96
[2026-05-14 19:27:03] 
── 模型结构 ──
GRU(
  (gru): GRU(13, 32, batch_first=True)
  (fc): Linear(in_features=32, out_features=1, bias=True)
)

[2026-05-14 19:27:03]   可训练参数量: 4,545
[2026-05-14 19:27:03] 
── 超参数 ──
[2026-05-14 19:27:03]   模型类型: gru
[2026-05-14 19:27:03]   hidden_dim: 32
[2026-05-14 19:27:03]   num_layers: 1
[2026-05-14 19:27:03]   dropout: 0.1
[2026-05-14 19:27:03]   lr: 0.01
[2026-05-14 19:27:03]   batch_size: 16
[2026-05-14 19:27:03] 
── 开始训练 (max 100 epochs) ──
[2026-05-14 19:27:03] Epoch   1/100 | Train Loss: 0.4643 | Val Loss: 0.5572 | MAE: 0.6154 | RMSE: 0.7092 *
[2026-05-14 19:27:03] Epoch   2/100 | Train Loss: 0.1950 | Val Loss: 0.2171 | MAE: 0.3719 | RMSE: 0.4538 *
[2026-05-14 19:27:03] Epoch   3/100 | Train Loss: 0.1267 | Val Loss: 0.1205 | MAE: 0.2556 | RMSE: 0.3341 *
[2026-05-14 19:27:04] Epoch   6/100 | Train Loss: 0.0525 | Val Loss: 0.1123 | MAE: 0.2489 | RMSE: 0.3291 *
[2026-05-14 19:27:04] Epoch   7/100 | Train Loss: 0.0495 | Val Loss: 0.0941 | MAE: 0.2239 | RMSE: 0.2970 *
[2026-05-14 19:27:04] Epoch  10/100 | Train Loss: 0.0711 | Val Loss: 0.1905 | MAE: 0.3436 | RMSE: 0.4339
[2026-05-14 19:27:05] Epoch  20/100 | Train Loss: 0.2277 | Val Loss: 0.9123 | MAE: 0.7937 | RMSE: 0.8900
[2026-05-14 19:27:05] 
早停触发于 epoch 22
[2026-05-14 19:27:05] 
── 测试集结果 ──
[2026-05-14 19:27:05]   Loss: 0.1500
[2026-05-14 19:27:05]   MAE:  0.2977
[2026-05-14 19:27:05]   RMSE: 0.3670
[2026-05-14 19:27:05] 图表已保存至 outputs/figures/
[2026-05-14 19:27:05] 模型已保存至 outputs/models/gru_small_best.pt
[2026-05-14 19:27:05] 日志已保存至 outputs/logs/train_gru_small.log
[2026-05-14 19:40:58] 设备: cuda
[2026-05-14 19:40:58] 配置文件: configs/gru_small.yaml
[2026-05-14 19:40:58] ── 数据集信息 ──
[2026-05-14 19:40:58]   数据来源: Open-Meteo Archive API (合肥, 117.19E, 31.77N)
[2026-05-14 19:40:58]   时间范围: 2023-05-13 ~ 2026-05-13
[2026-05-14 19:40:58]   原始样本数: 1097 天
[2026-05-14 19:40:58]   输入特征数: 13 (11个天气变量 + day_of_year + month)
[2026-05-14 19:40:58]   预测目标: temperature_2m_mean
[2026-05-14 19:40:58]   滑动窗口: 过去 14 天 → 预测未来 1 天
[2026-05-14 19:40:58]   划分比例: 训练 80% / 验证 10% / 测试 10%
[2026-05-14 19:40:58]   训练集样本: 863 | 验证集样本: 96 | 测试集样本: 96
[2026-05-14 19:40:58] 
── 模型结构 ──
GRU(
  (gru): GRU(13, 32, batch_first=True)
  (fc): Linear(in_features=32, out_features=1, bias=True)
)

[2026-05-14 19:40:58]   可训练参数量: 4,545
[2026-05-14 19:40:58] 
── 超参数 ──
[2026-05-14 19:40:58]   模型类型: gru
[2026-05-14 19:40:58]   hidden_dim: 32
[2026-05-14 19:40:58]   num_layers: 1
[2026-05-14 19:40:58]   dropout: 0.1
[2026-05-14 19:40:58]   lr: 0.01
[2026-05-14 19:40:58]   batch_size: 16
[2026-05-14 19:40:58] 
── 开始训练 (max 100 epochs) ──
[2026-05-14 19:40:58] Epoch   1/100 | Train Loss: 0.4049 | Val Loss: 1.0135 | MAE: 0.8366 | RMSE: 0.9179 *
[2026-05-14 19:40:58] Epoch   2/100 | Train Loss: 0.2572 | Val Loss: 0.2306 | MAE: 0.3914 | RMSE: 0.4715 *
[2026-05-14 19:40:59] Epoch   8/100 | Train Loss: 0.1083 | Val Loss: 0.1813 | MAE: 0.3297 | RMSE: 0.4109 *
[2026-05-14 19:40:59] Epoch   9/100 | Train Loss: 0.0779 | Val Loss: 0.1257 | MAE: 0.2584 | RMSE: 0.3479 *
[2026-05-14 19:40:59] Epoch  10/100 | Train Loss: 0.0477 | Val Loss: 0.1344 | MAE: 0.2742 | RMSE: 0.3586
[2026-05-14 19:41:00] Epoch  20/100 | Train Loss: 0.0486 | Val Loss: 0.1586 | MAE: 0.3051 | RMSE: 0.3906
[2026-05-14 19:41:00] 
早停触发于 epoch 24
[2026-05-14 19:41:00] 
── 测试集结果 ──
[2026-05-14 19:41:00]   Loss: 0.1369
[2026-05-14 19:41:00]   MAE:  0.2791
[2026-05-14 19:41:00]   RMSE: 0.3555
[2026-05-14 19:41:00] 图表已保存至 outputs/figures/
[2026-05-14 19:41:00] 模型已保存至 outputs/models/gru_small_best.pt
[2026-05-14 19:41:00] 日志已保存至 outputs/logs/train_gru_small.log
[2026-05-14 22:01:16] 设备: cuda
[2026-05-14 22:01:16] 随机种子: 4044
[2026-05-14 22:01:16] 配置文件: configs/gru_small.yaml
[2026-05-14 22:01:16] ── 数据集信息 ──
[2026-05-14 22:01:16]   数据来源: Open-Meteo Archive API (合肥, 117.19E, 31.77N)
[2026-05-14 22:01:16]   时间范围: 2023-05-13 ~ 2026-05-13
[2026-05-14 22:01:16]   原始样本数: 1097 天
[2026-05-14 22:01:16]   输入特征数: 13 (11个天气变量 + day_of_year + month)
[2026-05-14 22:01:16]   预测目标: temperature_2m_mean
[2026-05-14 22:01:16]   滑动窗口: 过去 14 天 → 预测未来 1 天
[2026-05-14 22:01:16]   划分比例: 训练 80% / 验证 10% / 测试 10%
[2026-05-14 22:01:16]   训练集样本: 863 | 验证集样本: 96 | 测试集样本: 96
[2026-05-14 22:01:16] 
── 模型结构 ──
GRU(
  (gru): GRU(13, 32, batch_first=True)
  (fc): Linear(in_features=32, out_features=1, bias=True)
)

[2026-05-14 22:01:16]   可训练参数量: 4,545
[2026-05-14 22:01:16] 
── 超参数 ──
[2026-05-14 22:01:16]   模型类型: gru
[2026-05-14 22:01:16]   hidden_dim: 32
[2026-05-14 22:01:16]   num_layers: 1
[2026-05-14 22:01:16]   dropout: 0.1
[2026-05-14 22:01:16]   lr: 0.01
[2026-05-14 22:01:16]   batch_size: 16
[2026-05-14 22:01:16] 
── 开始训练 (max 100 epochs) ──
[2026-05-14 22:01:16] Epoch   1/100 | Train Loss: 0.2779 | Val Loss: 1.1390 | MAE: 0.9361 | RMSE: 1.0114 *
[2026-05-14 22:01:16] Epoch   2/100 | Train Loss: 0.2905 | Val Loss: 0.3278 | MAE: 0.4880 | RMSE: 0.5687 *
[2026-05-14 22:01:16] Epoch   3/100 | Train Loss: 0.1454 | Val Loss: 0.1874 | MAE: 0.3478 | RMSE: 0.4212 *
[2026-05-14 22:01:16] Epoch   4/100 | Train Loss: 0.1263 | Val Loss: 0.1470 | MAE: 0.3059 | RMSE: 0.3774 *
[2026-05-14 22:01:16] Epoch   5/100 | Train Loss: 0.0697 | Val Loss: 0.1254 | MAE: 0.2724 | RMSE: 0.3486 *
[2026-05-14 22:01:17] Epoch  10/100 | Train Loss: 0.1630 | Val Loss: 0.3847 | MAE: 0.5104 | RMSE: 0.6040
[2026-05-14 22:01:18] Epoch  20/100 | Train Loss: 0.0906 | Val Loss: 0.2370 | MAE: 0.3957 | RMSE: 0.4789
[2026-05-14 22:01:18] 
早停触发于 epoch 20
[2026-05-14 22:01:18] 
── 测试集结果 ──
[2026-05-14 22:01:18]   Loss: 0.1392
[2026-05-14 22:01:18]   MAE:  0.2854
[2026-05-14 22:01:18]   RMSE: 0.3581
[2026-05-14 22:01:18] 图表已保存至 outputs/figures/
[2026-05-14 22:01:18] 模型已保存至 outputs/models/gru_small_best.pt
[2026-05-14 22:01:18] 日志已保存至 outputs/logs/train_gru_small.log
