[2026-05-14 20:06:37] 设备: cuda
[2026-05-14 20:06:37] 配置文件: configs/gru_6year.yaml
[2026-05-14 20:06:37] ── 数据集信息 ──
[2026-05-14 20:06:37]   数据来源: Open-Meteo Archive API (合肥, 117.19E, 31.77N)
[2026-05-14 20:06:37]   时间范围: 2020-05-13 ~ 2026-05-13
[2026-05-14 20:06:37]   原始样本数: 2192 天
[2026-05-14 20:06:37]   输入特征数: 13 (11个天气变量 + day_of_year + month)
[2026-05-14 20:06:37]   预测目标: temperature_2m_mean
[2026-05-14 20:06:37]   滑动窗口: 过去 14 天 → 预测未来 1 天
[2026-05-14 20:06:37]   划分比例: 训练 80% / 验证 10% / 测试 10%
[2026-05-14 20:06:37]   训练集样本: 1739 | 验证集样本: 205 | 测试集样本: 206
[2026-05-14 20:06:37] 
── 模型结构 ──
GRU(
  (gru): GRU(13, 64, num_layers=2, batch_first=True, dropout=0.2)
  (fc): Linear(in_features=64, out_features=1, bias=True)
)

[2026-05-14 20:06:37]   可训练参数量: 40,193
[2026-05-14 20:06:37] 
── 超参数 ──
[2026-05-14 20:06:37]   模型类型: gru
[2026-05-14 20:06:37]   hidden_dim: 64
[2026-05-14 20:06:37]   num_layers: 2
[2026-05-14 20:06:37]   dropout: 0.2
[2026-05-14 20:06:37]   lr: 0.001
[2026-05-14 20:06:37]   batch_size: 32
[2026-05-14 20:06:37] 
── 开始训练 (max 100 epochs) ──
[2026-05-14 20:06:37] Epoch   1/100 | Train Loss: 0.2657 | Val Loss: 0.2048 | MAE: 0.3669 | RMSE: 0.4362 *
[2026-05-14 20:06:37] Epoch   2/100 | Train Loss: 0.0722 | Val Loss: 0.1625 | MAE: 0.3222 | RMSE: 0.3886 *
[2026-05-14 20:06:37] Epoch   3/100 | Train Loss: 0.0633 | Val Loss: 0.1404 | MAE: 0.2986 | RMSE: 0.3617 *
[2026-05-14 20:06:37] Epoch   4/100 | Train Loss: 0.0583 | Val Loss: 0.1277 | MAE: 0.2857 | RMSE: 0.3458 *
[2026-05-14 20:06:37] Epoch   5/100 | Train Loss: 0.0553 | Val Loss: 0.1184 | MAE: 0.2758 | RMSE: 0.3333 *
[2026-05-14 20:06:37] Epoch   6/100 | Train Loss: 0.0520 | Val Loss: 0.1131 | MAE: 0.2694 | RMSE: 0.3259 *
[2026-05-14 20:06:38] Epoch   7/100 | Train Loss: 0.0485 | Val Loss: 0.1083 | MAE: 0.2626 | RMSE: 0.3192 *
[2026-05-14 20:06:38] Epoch   9/100 | Train Loss: 0.0481 | Val Loss: 0.1072 | MAE: 0.2581 | RMSE: 0.3185 *
[2026-05-14 20:06:38] Epoch  10/100 | Train Loss: 0.0447 | Val Loss: 0.0976 | MAE: 0.2477 | RMSE: 0.3030 *
[2026-05-14 20:06:38] Epoch  11/100 | Train Loss: 0.0421 | Val Loss: 0.0939 | MAE: 0.2426 | RMSE: 0.2971 *
[2026-05-14 20:06:38] Epoch  13/100 | Train Loss: 0.0437 | Val Loss: 0.0927 | MAE: 0.2430 | RMSE: 0.2954 *
[2026-05-14 20:06:39] Epoch  15/100 | Train Loss: 0.0398 | Val Loss: 0.0919 | MAE: 0.2420 | RMSE: 0.2940 *
[2026-05-14 20:06:39] Epoch  17/100 | Train Loss: 0.0384 | Val Loss: 0.0918 | MAE: 0.2426 | RMSE: 0.2940 *
[2026-05-14 20:06:39] Epoch  20/100 | Train Loss: 0.0374 | Val Loss: 0.0975 | MAE: 0.2458 | RMSE: 0.3038
[2026-05-14 20:06:39] Epoch  21/100 | Train Loss: 0.0504 | Val Loss: 0.0912 | MAE: 0.2432 | RMSE: 0.2940 *
[2026-05-14 20:06:40] Epoch  30/100 | Train Loss: 0.0342 | Val Loss: 0.1002 | MAE: 0.2496 | RMSE: 0.3092
[2026-05-14 20:06:41] Epoch  34/100 | Train Loss: 0.0334 | Val Loss: 0.0908 | MAE: 0.2418 | RMSE: 0.2931 *
[2026-05-14 20:06:42] Epoch  40/100 | Train Loss: 0.0326 | Val Loss: 0.0992 | MAE: 0.2470 | RMSE: 0.3085
[2026-05-14 20:06:43] 
早停触发于 epoch 49
[2026-05-14 20:06:43] 
── 测试集结果 ──
[2026-05-14 20:06:43]   Loss: 0.0989
[2026-05-14 20:06:43]   MAE:  0.2257
[2026-05-14 20:06:43]   RMSE: 0.3086
[2026-05-14 20:06:43] 图表已保存至 outputs/figures/
[2026-05-14 20:06:43] 模型已保存至 outputs/models/gru_6year_best.pt
[2026-05-14 20:06:43] 日志已保存至 outputs/logs/train_gru_6year.log
[2026-05-14 22:03:38] 设备: cuda
[2026-05-14 22:03:38] 随机种子: 4044
[2026-05-14 22:03:38] 配置文件: configs/gru_6year.yaml
[2026-05-14 22:03:38] ── 数据集信息 ──
[2026-05-14 22:03:38]   数据来源: Open-Meteo Archive API (合肥, 117.19E, 31.77N)
[2026-05-14 22:03:38]   时间范围: 2020-05-13 ~ 2026-05-13
[2026-05-14 22:03:38]   原始样本数: 2192 天
[2026-05-14 22:03:38]   输入特征数: 13 (11个天气变量 + day_of_year + month)
[2026-05-14 22:03:38]   预测目标: temperature_2m_mean
[2026-05-14 22:03:38]   滑动窗口: 过去 14 天 → 预测未来 1 天
[2026-05-14 22:03:38]   划分比例: 训练 80% / 验证 10% / 测试 10%
[2026-05-14 22:03:38]   训练集样本: 1739 | 验证集样本: 205 | 测试集样本: 206
[2026-05-14 22:03:38] 
── 模型结构 ──
GRU(
  (gru): GRU(13, 64, num_layers=2, batch_first=True, dropout=0.2)
  (fc): Linear(in_features=64, out_features=1, bias=True)
)

[2026-05-14 22:03:38]   可训练参数量: 40,193
[2026-05-14 22:03:38] 
── 超参数 ──
[2026-05-14 22:03:38]   模型类型: gru
[2026-05-14 22:03:38]   hidden_dim: 64
[2026-05-14 22:03:38]   num_layers: 2
[2026-05-14 22:03:38]   dropout: 0.2
[2026-05-14 22:03:38]   lr: 0.001
[2026-05-14 22:03:38]   batch_size: 32
[2026-05-14 22:03:38] 
── 开始训练 (max 100 epochs) ──
[2026-05-14 22:03:38] Epoch   1/100 | Train Loss: 0.2920 | Val Loss: 0.1919 | MAE: 0.3567 | RMSE: 0.4253 *
[2026-05-14 22:03:39] Epoch   2/100 | Train Loss: 0.0706 | Val Loss: 0.1538 | MAE: 0.3145 | RMSE: 0.3793 *
[2026-05-14 22:03:39] Epoch   3/100 | Train Loss: 0.0629 | Val Loss: 0.1334 | MAE: 0.2920 | RMSE: 0.3530 *
[2026-05-14 22:03:39] Epoch   4/100 | Train Loss: 0.0561 | Val Loss: 0.1242 | MAE: 0.2823 | RMSE: 0.3412 *
[2026-05-14 22:03:39] Epoch   5/100 | Train Loss: 0.0538 | Val Loss: 0.1176 | MAE: 0.2739 | RMSE: 0.3325 *
[2026-05-14 22:03:39] Epoch   6/100 | Train Loss: 0.0515 | Val Loss: 0.1139 | MAE: 0.2681 | RMSE: 0.3278 *
[2026-05-14 22:03:39] Epoch   7/100 | Train Loss: 0.0482 | Val Loss: 0.1036 | MAE: 0.2568 | RMSE: 0.3116 *
[2026-05-14 22:03:39] Epoch  10/100 | Train Loss: 0.0446 | Val Loss: 0.0999 | MAE: 0.2487 | RMSE: 0.3072 *
[2026-05-14 22:03:40] Epoch  12/100 | Train Loss: 0.0430 | Val Loss: 0.0946 | MAE: 0.2411 | RMSE: 0.2990 *
[2026-05-14 22:03:40] Epoch  13/100 | Train Loss: 0.0434 | Val Loss: 0.0895 | MAE: 0.2391 | RMSE: 0.2906 *
[2026-05-14 22:03:41] Epoch  20/100 | Train Loss: 0.0383 | Val Loss: 0.0916 | MAE: 0.2448 | RMSE: 0.2950
[2026-05-14 22:03:41] 
早停触发于 epoch 28
[2026-05-14 22:03:41] 
── 测试集结果 ──
[2026-05-14 22:03:41]   Loss: 0.1032
[2026-05-14 22:03:41]   MAE:  0.2311
[2026-05-14 22:03:41]   RMSE: 0.3131
[2026-05-14 22:03:42] 图表已保存至 outputs/figures/
[2026-05-14 22:03:42] 模型已保存至 outputs/models/gru_6year_best.pt
[2026-05-14 22:03:42] 日志已保存至 outputs/logs/train_gru_6year.log
