[2026-05-14 19:27:01] 设备: cuda
[2026-05-14 19:27:01] 配置文件: configs/lstm_large.yaml
[2026-05-14 19:27:01] ── 数据集信息 ──
[2026-05-14 19:27:01]   数据来源: Open-Meteo Archive API (合肥, 117.19E, 31.77N)
[2026-05-14 19:27:01]   时间范围: 2023-05-13 ~ 2026-05-13
[2026-05-14 19:27:01]   原始样本数: 1097 天
[2026-05-14 19:27:01]   输入特征数: 13 (11个天气变量 + day_of_year + month)
[2026-05-14 19:27:01]   预测目标: temperature_2m_mean
[2026-05-14 19:27:01]   滑动窗口: 过去 14 天 → 预测未来 1 天
[2026-05-14 19:27:01]   划分比例: 训练 80% / 验证 10% / 测试 10%
[2026-05-14 19:27:01]   训练集样本: 863 | 验证集样本: 96 | 测试集样本: 96
[2026-05-14 19:27:01] 
── 模型结构 ──
LSTM(
  (lstm): LSTM(13, 128, num_layers=3, batch_first=True, dropout=0.3)
  (fc): Linear(in_features=128, out_features=1, bias=True)
)

[2026-05-14 19:27:01]   可训练参数量: 337,537
[2026-05-14 19:27:01] 
── 超参数 ──
[2026-05-14 19:27:01]   模型类型: lstm
[2026-05-14 19:27:01]   hidden_dim: 128
[2026-05-14 19:27:01]   num_layers: 3
[2026-05-14 19:27:01]   dropout: 0.3
[2026-05-14 19:27:01]   lr: 0.0005
[2026-05-14 19:27:01]   batch_size: 64
[2026-05-14 19:27:01] 
── 开始训练 (max 100 epochs) ──
[2026-05-14 19:27:01] Epoch   1/100 | Train Loss: 0.9517 | Val Loss: 0.7595 | MAE: 0.6950 | RMSE: 0.8207 *
[2026-05-14 19:27:01] Epoch   2/100 | Train Loss: 0.5226 | Val Loss: 0.4408 | MAE: 0.4989 | RMSE: 0.6599 *
[2026-05-14 19:27:01] Epoch   3/100 | Train Loss: 0.1630 | Val Loss: 0.3803 | MAE: 0.4486 | RMSE: 0.6037 *
[2026-05-14 19:27:01] Epoch  10/100 | Train Loss: 0.1041 | Val Loss: 0.3721 | MAE: 0.4336 | RMSE: 0.6026 *
[2026-05-14 19:27:01] Epoch  11/100 | Train Loss: 0.0985 | Val Loss: 0.3565 | MAE: 0.4232 | RMSE: 0.5914 *
[2026-05-14 19:27:01] Epoch  12/100 | Train Loss: 0.0924 | Val Loss: 0.3381 | MAE: 0.4109 | RMSE: 0.5773 *
[2026-05-14 19:27:01] Epoch  13/100 | Train Loss: 0.0902 | Val Loss: 0.3164 | MAE: 0.3969 | RMSE: 0.5601 *
[2026-05-14 19:27:01] Epoch  14/100 | Train Loss: 0.0917 | Val Loss: 0.3015 | MAE: 0.3860 | RMSE: 0.5479 *
[2026-05-14 19:27:01] Epoch  15/100 | Train Loss: 0.0796 | Val Loss: 0.2827 | MAE: 0.3703 | RMSE: 0.5302 *
[2026-05-14 19:27:02] Epoch  16/100 | Train Loss: 0.0778 | Val Loss: 0.2709 | MAE: 0.3600 | RMSE: 0.5192 *
[2026-05-14 19:27:02] Epoch  17/100 | Train Loss: 0.0729 | Val Loss: 0.2673 | MAE: 0.3654 | RMSE: 0.5168 *
[2026-05-14 19:27:02] Epoch  19/100 | Train Loss: 0.0821 | Val Loss: 0.2617 | MAE: 0.3664 | RMSE: 0.5113 *
[2026-05-14 19:27:02] Epoch  20/100 | Train Loss: 0.0829 | Val Loss: 0.2303 | MAE: 0.3435 | RMSE: 0.4794 *
[2026-05-14 19:27:02] Epoch  23/100 | Train Loss: 0.0684 | Val Loss: 0.2121 | MAE: 0.3260 | RMSE: 0.4603 *
[2026-05-14 19:27:02] Epoch  25/100 | Train Loss: 0.0634 | Val Loss: 0.2114 | MAE: 0.3251 | RMSE: 0.4589 *
[2026-05-14 19:27:02] Epoch  26/100 | Train Loss: 0.0626 | Val Loss: 0.1999 | MAE: 0.3184 | RMSE: 0.4461 *
[2026-05-14 19:27:02] Epoch  29/100 | Train Loss: 0.0600 | Val Loss: 0.1928 | MAE: 0.3135 | RMSE: 0.4378 *
[2026-05-14 19:27:02] Epoch  30/100 | Train Loss: 0.0586 | Val Loss: 0.1941 | MAE: 0.3141 | RMSE: 0.4383
[2026-05-14 19:27:02] Epoch  33/100 | Train Loss: 0.0573 | Val Loss: 0.1904 | MAE: 0.3132 | RMSE: 0.4326 *
[2026-05-14 19:27:02] Epoch  34/100 | Train Loss: 0.0578 | Val Loss: 0.1867 | MAE: 0.3102 | RMSE: 0.4286 *
[2026-05-14 19:27:02] Epoch  40/100 | Train Loss: 0.0537 | Val Loss: 0.1891 | MAE: 0.3153 | RMSE: 0.4316
[2026-05-14 19:27:02] Epoch  41/100 | Train Loss: 0.0581 | Val Loss: 0.1587 | MAE: 0.2931 | RMSE: 0.3966 *
[2026-05-14 19:27:03] Epoch  50/100 | Train Loss: 0.0445 | Val Loss: 0.1668 | MAE: 0.2957 | RMSE: 0.4044
[2026-05-14 19:27:03] 
早停触发于 epoch 56
[2026-05-14 19:27:03] 
── 测试集结果 ──
[2026-05-14 19:27:03]   Loss: 0.2555
[2026-05-14 19:27:03]   MAE:  0.3950
[2026-05-14 19:27:03]   RMSE: 0.4933
[2026-05-14 19:27:03] 图表已保存至 outputs/figures/
[2026-05-14 19:27:03] 模型已保存至 outputs/models/lstm_large_best.pt
[2026-05-14 19:27:03] 日志已保存至 outputs/logs/train_lstm_large.log
[2026-05-14 19:40:55] 设备: cuda
[2026-05-14 19:40:55] 配置文件: configs/lstm_large.yaml
[2026-05-14 19:40:55] ── 数据集信息 ──
[2026-05-14 19:40:55]   数据来源: Open-Meteo Archive API (合肥, 117.19E, 31.77N)
[2026-05-14 19:40:55]   时间范围: 2023-05-13 ~ 2026-05-13
[2026-05-14 19:40:55]   原始样本数: 1097 天
[2026-05-14 19:40:55]   输入特征数: 13 (11个天气变量 + day_of_year + month)
[2026-05-14 19:40:55]   预测目标: temperature_2m_mean
[2026-05-14 19:40:55]   滑动窗口: 过去 14 天 → 预测未来 1 天
[2026-05-14 19:40:55]   划分比例: 训练 80% / 验证 10% / 测试 10%
[2026-05-14 19:40:55]   训练集样本: 863 | 验证集样本: 96 | 测试集样本: 96
[2026-05-14 19:40:55] 
── 模型结构 ──
LSTM(
  (lstm): LSTM(13, 128, num_layers=3, batch_first=True, dropout=0.3)
  (fc): Linear(in_features=128, out_features=1, bias=True)
)

[2026-05-14 19:40:55]   可训练参数量: 337,537
[2026-05-14 19:40:55] 
── 超参数 ──
[2026-05-14 19:40:55]   模型类型: lstm
[2026-05-14 19:40:55]   hidden_dim: 128
[2026-05-14 19:40:55]   num_layers: 3
[2026-05-14 19:40:55]   dropout: 0.3
[2026-05-14 19:40:55]   lr: 0.0005
[2026-05-14 19:40:55]   batch_size: 64
[2026-05-14 19:40:55] 
── 开始训练 (max 100 epochs) ──
[2026-05-14 19:40:55] Epoch   1/100 | Train Loss: 0.9428 | Val Loss: 0.7321 | MAE: 0.6846 | RMSE: 0.8084 *
[2026-05-14 19:40:55] Epoch   2/100 | Train Loss: 0.5173 | Val Loss: 0.4255 | MAE: 0.5013 | RMSE: 0.6496 *
[2026-05-14 19:40:55] Epoch   3/100 | Train Loss: 0.1720 | Val Loss: 0.3626 | MAE: 0.4435 | RMSE: 0.5910 *
[2026-05-14 19:40:55] Epoch  10/100 | Train Loss: 0.1019 | Val Loss: 0.3646 | MAE: 0.4311 | RMSE: 0.5964
[2026-05-14 19:40:55] Epoch  11/100 | Train Loss: 0.1027 | Val Loss: 0.3520 | MAE: 0.4243 | RMSE: 0.5874 *
[2026-05-14 19:40:55] Epoch  12/100 | Train Loss: 0.0954 | Val Loss: 0.3408 | MAE: 0.4181 | RMSE: 0.5791 *
[2026-05-14 19:40:55] Epoch  13/100 | Train Loss: 0.0940 | Val Loss: 0.3288 | MAE: 0.4108 | RMSE: 0.5698 *
[2026-05-14 19:40:56] Epoch  14/100 | Train Loss: 0.0902 | Val Loss: 0.3140 | MAE: 0.4013 | RMSE: 0.5580 *
[2026-05-14 19:40:56] Epoch  15/100 | Train Loss: 0.0869 | Val Loss: 0.2979 | MAE: 0.3886 | RMSE: 0.5444 *
[2026-05-14 19:40:56] Epoch  16/100 | Train Loss: 0.0808 | Val Loss: 0.2843 | MAE: 0.3758 | RMSE: 0.5325 *
[2026-05-14 19:40:56] Epoch  17/100 | Train Loss: 0.0754 | Val Loss: 0.2666 | MAE: 0.3651 | RMSE: 0.5161 *
[2026-05-14 19:40:56] Epoch  18/100 | Train Loss: 0.0779 | Val Loss: 0.2563 | MAE: 0.3588 | RMSE: 0.5062 *
[2026-05-14 19:40:56] Epoch  20/100 | Train Loss: 0.0713 | Val Loss: 0.2500 | MAE: 0.3523 | RMSE: 0.5000 *
[2026-05-14 19:40:56] Epoch  21/100 | Train Loss: 0.0718 | Val Loss: 0.2266 | MAE: 0.3403 | RMSE: 0.4760 *
[2026-05-14 19:40:56] Epoch  22/100 | Train Loss: 0.0754 | Val Loss: 0.2227 | MAE: 0.3373 | RMSE: 0.4719 *
[2026-05-14 19:40:56] Epoch  25/100 | Train Loss: 0.0656 | Val Loss: 0.2154 | MAE: 0.3412 | RMSE: 0.4635 *
[2026-05-14 19:40:56] Epoch  29/100 | Train Loss: 0.0577 | Val Loss: 0.2054 | MAE: 0.3350 | RMSE: 0.4511 *
[2026-05-14 19:40:56] Epoch  30/100 | Train Loss: 0.0622 | Val Loss: 0.2075 | MAE: 0.3298 | RMSE: 0.4529
[2026-05-14 19:40:56] Epoch  33/100 | Train Loss: 0.0552 | Val Loss: 0.2014 | MAE: 0.3292 | RMSE: 0.4452 *
[2026-05-14 19:40:56] Epoch  37/100 | Train Loss: 0.0515 | Val Loss: 0.2013 | MAE: 0.3277 | RMSE: 0.4433 *
[2026-05-14 19:40:56] Epoch  38/100 | Train Loss: 0.0538 | Val Loss: 0.1968 | MAE: 0.3266 | RMSE: 0.4385 *
[2026-05-14 19:40:56] Epoch  40/100 | Train Loss: 0.0531 | Val Loss: 0.2058 | MAE: 0.3213 | RMSE: 0.4476
[2026-05-14 19:40:56] Epoch  41/100 | Train Loss: 0.0508 | Val Loss: 0.1953 | MAE: 0.3200 | RMSE: 0.4361 *
[2026-05-14 19:40:57] Epoch  42/100 | Train Loss: 0.0487 | Val Loss: 0.1850 | MAE: 0.3178 | RMSE: 0.4253 *
[2026-05-14 19:40:57] Epoch  43/100 | Train Loss: 0.0564 | Val Loss: 0.1777 | MAE: 0.3050 | RMSE: 0.4171 *
[2026-05-14 19:40:57] Epoch  44/100 | Train Loss: 0.0566 | Val Loss: 0.1653 | MAE: 0.2952 | RMSE: 0.4053 *
[2026-05-14 19:40:57] Epoch  45/100 | Train Loss: 0.0559 | Val Loss: 0.1590 | MAE: 0.2879 | RMSE: 0.3981 *
[2026-05-14 19:40:57] Epoch  49/100 | Train Loss: 0.0502 | Val Loss: 0.1557 | MAE: 0.2860 | RMSE: 0.3929 *
[2026-05-14 19:40:57] Epoch  50/100 | Train Loss: 0.0455 | Val Loss: 0.1575 | MAE: 0.2909 | RMSE: 0.3932
[2026-05-14 19:40:57] Epoch  60/100 | Train Loss: 0.0485 | Val Loss: 0.1471 | MAE: 0.2825 | RMSE: 0.3811 *
[2026-05-14 19:40:57] Epoch  70/100 | Train Loss: 0.0423 | Val Loss: 0.1564 | MAE: 0.2974 | RMSE: 0.3924
[2026-05-14 19:40:58] 
早停触发于 epoch 75
[2026-05-14 19:40:58] 
── 测试集结果 ──
[2026-05-14 19:40:58]   Loss: 0.1974
[2026-05-14 19:40:58]   MAE:  0.3437
[2026-05-14 19:40:58]   RMSE: 0.4352
[2026-05-14 19:40:58] 图表已保存至 outputs/figures/
[2026-05-14 19:40:58] 模型已保存至 outputs/models/lstm_large_best.pt
[2026-05-14 19:40:58] 日志已保存至 outputs/logs/train_lstm_large.log
[2026-05-14 22:01:13] 设备: cuda
[2026-05-14 22:01:13] 随机种子: 4044
[2026-05-14 22:01:13] 配置文件: configs/lstm_large.yaml
[2026-05-14 22:01:13] ── 数据集信息 ──
[2026-05-14 22:01:13]   数据来源: Open-Meteo Archive API (合肥, 117.19E, 31.77N)
[2026-05-14 22:01:13]   时间范围: 2023-05-13 ~ 2026-05-13
[2026-05-14 22:01:13]   原始样本数: 1097 天
[2026-05-14 22:01:13]   输入特征数: 13 (11个天气变量 + day_of_year + month)
[2026-05-14 22:01:13]   预测目标: temperature_2m_mean
[2026-05-14 22:01:13]   滑动窗口: 过去 14 天 → 预测未来 1 天
[2026-05-14 22:01:13]   划分比例: 训练 80% / 验证 10% / 测试 10%
[2026-05-14 22:01:13]   训练集样本: 863 | 验证集样本: 96 | 测试集样本: 96
[2026-05-14 22:01:13] 
── 模型结构 ──
LSTM(
  (lstm): LSTM(13, 128, num_layers=3, batch_first=True, dropout=0.3)
  (fc): Linear(in_features=128, out_features=1, bias=True)
)

[2026-05-14 22:01:13]   可训练参数量: 337,537
[2026-05-14 22:01:13] 
── 超参数 ──
[2026-05-14 22:01:13]   模型类型: lstm
[2026-05-14 22:01:13]   hidden_dim: 128
[2026-05-14 22:01:13]   num_layers: 3
[2026-05-14 22:01:13]   dropout: 0.3
[2026-05-14 22:01:13]   lr: 0.0005
[2026-05-14 22:01:13]   batch_size: 64
[2026-05-14 22:01:13] 
── 开始训练 (max 100 epochs) ──
[2026-05-14 22:01:13] Epoch   1/100 | Train Loss: 0.9421 | Val Loss: 0.7525 | MAE: 0.6940 | RMSE: 0.8183 *
[2026-05-14 22:01:13] Epoch   2/100 | Train Loss: 0.5143 | Val Loss: 0.4509 | MAE: 0.5211 | RMSE: 0.6694 *
[2026-05-14 22:01:13] Epoch   3/100 | Train Loss: 0.1720 | Val Loss: 0.3735 | MAE: 0.4517 | RMSE: 0.5989 *
[2026-05-14 22:01:13] Epoch  10/100 | Train Loss: 0.1066 | Val Loss: 0.3733 | MAE: 0.4352 | RMSE: 0.6028 *
[2026-05-14 22:01:13] Epoch  11/100 | Train Loss: 0.1043 | Val Loss: 0.3584 | MAE: 0.4271 | RMSE: 0.5921 *
[2026-05-14 22:01:14] Epoch  12/100 | Train Loss: 0.0963 | Val Loss: 0.3421 | MAE: 0.4171 | RMSE: 0.5791 *
[2026-05-14 22:01:14] Epoch  13/100 | Train Loss: 0.0914 | Val Loss: 0.3292 | MAE: 0.4107 | RMSE: 0.5697 *
[2026-05-14 22:01:14] Epoch  14/100 | Train Loss: 0.0902 | Val Loss: 0.3135 | MAE: 0.4020 | RMSE: 0.5575 *
[2026-05-14 22:01:14] Epoch  15/100 | Train Loss: 0.0931 | Val Loss: 0.2943 | MAE: 0.3859 | RMSE: 0.5411 *
[2026-05-14 22:01:14] Epoch  16/100 | Train Loss: 0.0807 | Val Loss: 0.2708 | MAE: 0.3690 | RMSE: 0.5194 *
[2026-05-14 22:01:14] Epoch  17/100 | Train Loss: 0.0746 | Val Loss: 0.2565 | MAE: 0.3606 | RMSE: 0.5063 *
[2026-05-14 22:01:14] Epoch  18/100 | Train Loss: 0.0787 | Val Loss: 0.2543 | MAE: 0.3604 | RMSE: 0.5042 *
[2026-05-14 22:01:14] Epoch  19/100 | Train Loss: 0.0810 | Val Loss: 0.2514 | MAE: 0.3581 | RMSE: 0.5012 *
[2026-05-14 22:01:14] Epoch  20/100 | Train Loss: 0.0734 | Val Loss: 0.2352 | MAE: 0.3449 | RMSE: 0.4850 *
[2026-05-14 22:01:14] Epoch  21/100 | Train Loss: 0.0701 | Val Loss: 0.2188 | MAE: 0.3328 | RMSE: 0.4677 *
[2026-05-14 22:01:14] Epoch  24/100 | Train Loss: 0.0625 | Val Loss: 0.2183 | MAE: 0.3353 | RMSE: 0.4665 *
[2026-05-14 22:01:14] Epoch  25/100 | Train Loss: 0.0609 | Val Loss: 0.2103 | MAE: 0.3358 | RMSE: 0.4575 *
[2026-05-14 22:01:14] Epoch  28/100 | Train Loss: 0.0618 | Val Loss: 0.1969 | MAE: 0.3288 | RMSE: 0.4420 *
[2026-05-14 22:01:14] Epoch  30/100 | Train Loss: 0.0579 | Val Loss: 0.2136 | MAE: 0.3360 | RMSE: 0.4580
[2026-05-14 22:01:14] Epoch  32/100 | Train Loss: 0.0572 | Val Loss: 0.1943 | MAE: 0.3224 | RMSE: 0.4367 *
[2026-05-14 22:01:14] Epoch  33/100 | Train Loss: 0.0600 | Val Loss: 0.1914 | MAE: 0.3179 | RMSE: 0.4332 *
[2026-05-14 22:01:14] Epoch  34/100 | Train Loss: 0.0538 | Val Loss: 0.1874 | MAE: 0.3138 | RMSE: 0.4288 *
[2026-05-14 22:01:14] Epoch  35/100 | Train Loss: 0.0511 | Val Loss: 0.1792 | MAE: 0.3082 | RMSE: 0.4190 *
[2026-05-14 22:01:15] Epoch  40/100 | Train Loss: 0.0510 | Val Loss: 0.1888 | MAE: 0.3168 | RMSE: 0.4261
[2026-05-14 22:01:15] Epoch  43/100 | Train Loss: 0.0490 | Val Loss: 0.1713 | MAE: 0.3004 | RMSE: 0.4092 *
[2026-05-14 22:01:15] Epoch  44/100 | Train Loss: 0.0463 | Val Loss: 0.1654 | MAE: 0.2950 | RMSE: 0.4012 *
[2026-05-14 22:01:15] Epoch  48/100 | Train Loss: 0.0454 | Val Loss: 0.1645 | MAE: 0.2937 | RMSE: 0.3993 *
[2026-05-14 22:01:15] Epoch  50/100 | Train Loss: 0.0444 | Val Loss: 0.1668 | MAE: 0.2955 | RMSE: 0.4016
[2026-05-14 22:01:15] Epoch  58/100 | Train Loss: 0.0463 | Val Loss: 0.1448 | MAE: 0.2819 | RMSE: 0.3760 *
[2026-05-14 22:01:15] Epoch  60/100 | Train Loss: 0.0415 | Val Loss: 0.1712 | MAE: 0.3021 | RMSE: 0.4056
[2026-05-14 22:01:16] Epoch  70/100 | Train Loss: 0.0361 | Val Loss: 0.1579 | MAE: 0.2919 | RMSE: 0.3867
[2026-05-14 22:01:16] 
早停触发于 epoch 73
[2026-05-14 22:01:16] 
── 测试集结果 ──
[2026-05-14 22:01:16]   Loss: 0.2154
[2026-05-14 22:01:16]   MAE:  0.3589
[2026-05-14 22:01:16]   RMSE: 0.4515
[2026-05-14 22:01:16] 图表已保存至 outputs/figures/
[2026-05-14 22:01:16] 模型已保存至 outputs/models/lstm_large_best.pt
[2026-05-14 22:01:16] 日志已保存至 outputs/logs/train_lstm_large.log
