[2026-05-14 22:08:42] 设备: cuda
[2026-05-14 22:08:42] 随机种子: 4044
[2026-05-14 22:08:42] 配置文件: configs/gru_30year.yaml
[2026-05-14 22:08:42] ── 数据集信息 ──
[2026-05-14 22:08:42]   数据来源: Open-Meteo Archive API (合肥, 117.19E, 31.77N)
[2026-05-14 22:08:42]   时间范围: 1996-05-13 ~ 2026-05-13
[2026-05-14 22:08:42]   原始样本数: 10958 天
[2026-05-14 22:08:42]   输入特征数: 13 (11个天气变量 + day_of_year + month)
[2026-05-14 22:08:42]   预测目标: temperature_2m_mean
[2026-05-14 22:08:42]   滑动窗口: 过去 14 天 → 预测未来 1 天
[2026-05-14 22:08:42]   划分比例: 训练 80% / 验证 10% / 测试 10%
[2026-05-14 22:08:42]   训练集样本: 8752 | 验证集样本: 1082 | 测试集样本: 1082
[2026-05-14 22:08:42] 
── 模型结构 ──
GRU(
  (gru): GRU(13, 64, num_layers=2, batch_first=True, dropout=0.2)
  (fc): Linear(in_features=64, out_features=1, bias=True)
)

[2026-05-14 22:08:42]   可训练参数量: 40,193
[2026-05-14 22:08:42] 
── 超参数 ──
[2026-05-14 22:08:42]   模型类型: gru
[2026-05-14 22:08:42]   hidden_dim: 64
[2026-05-14 22:08:42]   num_layers: 2
[2026-05-14 22:08:42]   dropout: 0.2
[2026-05-14 22:08:42]   lr: 0.001
[2026-05-14 22:08:42]   batch_size: 32
[2026-05-14 22:08:42] 
── 开始训练 (max 100 epochs) ──
[2026-05-14 22:08:42] Epoch   1/100 | Train Loss: 0.1146 | Val Loss: 0.0525 | MAE: 0.1741 | RMSE: 0.2216 *
[2026-05-14 22:08:43] Epoch   2/100 | Train Loss: 0.0521 | Val Loss: 0.0446 | MAE: 0.1572 | RMSE: 0.2052 *
[2026-05-14 22:08:44] Epoch   4/100 | Train Loss: 0.0433 | Val Loss: 0.0386 | MAE: 0.1446 | RMSE: 0.1914 *
[2026-05-14 22:08:47] Epoch  10/100 | Train Loss: 0.0391 | Val Loss: 0.0357 | MAE: 0.1394 | RMSE: 0.1850 *
[2026-05-14 22:08:48] Epoch  11/100 | Train Loss: 0.0351 | Val Loss: 0.0353 | MAE: 0.1399 | RMSE: 0.1842 *
[2026-05-14 22:08:48] Epoch  12/100 | Train Loss: 0.0364 | Val Loss: 0.0348 | MAE: 0.1390 | RMSE: 0.1828 *
[2026-05-14 22:08:49] Epoch  13/100 | Train Loss: 0.0355 | Val Loss: 0.0346 | MAE: 0.1383 | RMSE: 0.1822 *
[2026-05-14 22:08:51] Epoch  17/100 | Train Loss: 0.0342 | Val Loss: 0.0329 | MAE: 0.1341 | RMSE: 0.1776 *
[2026-05-14 22:08:53] Epoch  20/100 | Train Loss: 0.0318 | Val Loss: 0.0318 | MAE: 0.1313 | RMSE: 0.1745 *
[2026-05-14 22:08:54] Epoch  21/100 | Train Loss: 0.0322 | Val Loss: 0.0303 | MAE: 0.1284 | RMSE: 0.1699 *
[2026-05-14 22:08:55] Epoch  24/100 | Train Loss: 0.0317 | Val Loss: 0.0297 | MAE: 0.1269 | RMSE: 0.1682 *
[2026-05-14 22:08:59] Epoch  30/100 | Train Loss: 0.0305 | Val Loss: 0.0335 | MAE: 0.1366 | RMSE: 0.1802
[2026-05-14 22:09:05] 
早停触发于 epoch 39
[2026-05-14 22:09:05] 
── 测试集结果 ──
[2026-05-14 22:09:05]   Loss: 0.0335
[2026-05-14 22:09:05]   MAE:  0.1345
[2026-05-14 22:09:05]   RMSE: 0.1779
[2026-05-14 22:09:05] 图表已保存至 outputs/figures/
[2026-05-14 22:09:05] 模型已保存至 outputs/models/gru_30year_best.pt
[2026-05-14 22:09:05] 日志已保存至 outputs/logs/train_gru_30year.log
