[2026-05-14 20:06:26] 设备: cuda
[2026-05-14 20:06:26] 配置文件: configs/rnn_6year.yaml
[2026-05-14 20:06:26] ── 数据集信息 ──
[2026-05-14 20:06:26]   数据来源: Open-Meteo Archive API (合肥, 117.19E, 31.77N)
[2026-05-14 20:06:26]   时间范围: 2020-05-13 ~ 2026-05-13
[2026-05-14 20:06:26]   原始样本数: 2192 天
[2026-05-14 20:06:26]   输入特征数: 13 (11个天气变量 + day_of_year + month)
[2026-05-14 20:06:26]   预测目标: temperature_2m_mean
[2026-05-14 20:06:26]   滑动窗口: 过去 14 天 → 预测未来 1 天
[2026-05-14 20:06:26]   划分比例: 训练 80% / 验证 10% / 测试 10%
[2026-05-14 20:06:26]   训练集样本: 1739 | 验证集样本: 205 | 测试集样本: 206
[2026-05-14 20:06:26] 
── 模型结构 ──
SimpleRNN(
  (rnn): RNN(13, 64, num_layers=2, batch_first=True, dropout=0.2)
  (fc): Linear(in_features=64, out_features=1, bias=True)
)

[2026-05-14 20:06:26]   可训练参数量: 13,441
[2026-05-14 20:06:26] 
── 超参数 ──
[2026-05-14 20:06:26]   模型类型: rnn
[2026-05-14 20:06:26]   hidden_dim: 64
[2026-05-14 20:06:26]   num_layers: 2
[2026-05-14 20:06:26]   dropout: 0.2
[2026-05-14 20:06:26]   lr: 0.001
[2026-05-14 20:06:26]   batch_size: 32
[2026-05-14 20:06:27] 
── 开始训练 (max 100 epochs) ──
[2026-05-14 20:06:28] Epoch   1/100 | Train Loss: 0.2395 | Val Loss: 0.1499 | MAE: 0.2993 | RMSE: 0.3674 *
[2026-05-14 20:06:28] Epoch   2/100 | Train Loss: 0.0687 | Val Loss: 0.1290 | MAE: 0.2781 | RMSE: 0.3420 *
[2026-05-14 20:06:28] Epoch   3/100 | Train Loss: 0.0587 | Val Loss: 0.1141 | MAE: 0.2636 | RMSE: 0.3208 *
[2026-05-14 20:06:28] Epoch   4/100 | Train Loss: 0.0553 | Val Loss: 0.1039 | MAE: 0.2551 | RMSE: 0.3067 *
[2026-05-14 20:06:28] Epoch   7/100 | Train Loss: 0.0472 | Val Loss: 0.1031 | MAE: 0.2473 | RMSE: 0.3072 *
[2026-05-14 20:06:29] Epoch  10/100 | Train Loss: 0.0457 | Val Loss: 0.1064 | MAE: 0.2475 | RMSE: 0.3128
[2026-05-14 20:06:29] Epoch  11/100 | Train Loss: 0.0464 | Val Loss: 0.1017 | MAE: 0.2445 | RMSE: 0.3050 *
[2026-05-14 20:06:29] Epoch  12/100 | Train Loss: 0.0468 | Val Loss: 0.1015 | MAE: 0.2475 | RMSE: 0.3050 *
[2026-05-14 20:06:30] Epoch  20/100 | Train Loss: 0.0437 | Val Loss: 0.1050 | MAE: 0.2484 | RMSE: 0.3110
[2026-05-14 20:06:30] 
早停触发于 epoch 27
[2026-05-14 20:06:30] 
── 测试集结果 ──
[2026-05-14 20:06:30]   Loss: 0.1049
[2026-05-14 20:06:30]   MAE:  0.2360
[2026-05-14 20:06:30]   RMSE: 0.3171
[2026-05-14 20:06:31] 图表已保存至 outputs/figures/
[2026-05-14 20:06:31] 模型已保存至 outputs/models/rnn_6year_best.pt
[2026-05-14 20:06:31] 日志已保存至 outputs/logs/train_rnn_6year.log
[2026-05-14 22:03:27] 设备: cuda
[2026-05-14 22:03:27] 随机种子: 4044
[2026-05-14 22:03:27] 配置文件: configs/rnn_6year.yaml
[2026-05-14 22:03:27] ── 数据集信息 ──
[2026-05-14 22:03:27]   数据来源: Open-Meteo Archive API (合肥, 117.19E, 31.77N)
[2026-05-14 22:03:27]   时间范围: 2020-05-13 ~ 2026-05-13
[2026-05-14 22:03:27]   原始样本数: 2192 天
[2026-05-14 22:03:27]   输入特征数: 13 (11个天气变量 + day_of_year + month)
[2026-05-14 22:03:27]   预测目标: temperature_2m_mean
[2026-05-14 22:03:27]   滑动窗口: 过去 14 天 → 预测未来 1 天
[2026-05-14 22:03:27]   划分比例: 训练 80% / 验证 10% / 测试 10%
[2026-05-14 22:03:27]   训练集样本: 1739 | 验证集样本: 205 | 测试集样本: 206
[2026-05-14 22:03:27] 
── 模型结构 ──
SimpleRNN(
  (rnn): RNN(13, 64, num_layers=2, batch_first=True, dropout=0.2)
  (fc): Linear(in_features=64, out_features=1, bias=True)
)

[2026-05-14 22:03:27]   可训练参数量: 13,441
[2026-05-14 22:03:27] 
── 超参数 ──
[2026-05-14 22:03:27]   模型类型: rnn
[2026-05-14 22:03:27]   hidden_dim: 64
[2026-05-14 22:03:27]   num_layers: 2
[2026-05-14 22:03:27]   dropout: 0.2
[2026-05-14 22:03:27]   lr: 0.001
[2026-05-14 22:03:27]   batch_size: 32
[2026-05-14 22:03:28] 
── 开始训练 (max 100 epochs) ──
[2026-05-14 22:03:29] Epoch   1/100 | Train Loss: 0.2675 | Val Loss: 0.1461 | MAE: 0.2972 | RMSE: 0.3693 *
[2026-05-14 22:03:29] Epoch   2/100 | Train Loss: 0.0608 | Val Loss: 0.1299 | MAE: 0.2792 | RMSE: 0.3479 *
[2026-05-14 22:03:29] Epoch   3/100 | Train Loss: 0.0557 | Val Loss: 0.1048 | MAE: 0.2539 | RMSE: 0.3082 *
[2026-05-14 22:03:29] Epoch   9/100 | Train Loss: 0.0478 | Val Loss: 0.1003 | MAE: 0.2421 | RMSE: 0.3048 *
[2026-05-14 22:03:29] Epoch  10/100 | Train Loss: 0.0459 | Val Loss: 0.1078 | MAE: 0.2492 | RMSE: 0.3186
[2026-05-14 22:03:30] Epoch  16/100 | Train Loss: 0.0444 | Val Loss: 0.0998 | MAE: 0.2394 | RMSE: 0.3037 *
[2026-05-14 22:03:30] Epoch  20/100 | Train Loss: 0.0454 | Val Loss: 0.1050 | MAE: 0.2465 | RMSE: 0.3133
[2026-05-14 22:03:31] Epoch  30/100 | Train Loss: 0.0438 | Val Loss: 0.1067 | MAE: 0.2474 | RMSE: 0.3163
[2026-05-14 22:03:31] 
早停触发于 epoch 31
[2026-05-14 22:03:31] 
── 测试集结果 ──
[2026-05-14 22:03:31]   Loss: 0.1039
[2026-05-14 22:03:31]   MAE:  0.2329
[2026-05-14 22:03:31]   RMSE: 0.3162
[2026-05-14 22:03:32] 图表已保存至 outputs/figures/
[2026-05-14 22:03:32] 模型已保存至 outputs/models/rnn_6year_best.pt
[2026-05-14 22:03:32] 日志已保存至 outputs/logs/train_rnn_6year.log
